Jan 17 00:17:01 ryan-1942 CRON[178367]: pam_unix(cron:session): session opened for user root by (uid=0)
Jan 17 00:17:01 ryan-1942 CRON[178367]: pam_unix(cron:session): session closed for user root
Jan 17 01:17:01 ryan-1942 CRON[178919]: pam_unix(cron:session): session opened for user root by (uid=0)
Jan 17 01:17:01 ryan-1942 CRON[178919]: pam_unix(cron:session): session closed for user root
Jan 17 02:17:01 ryan-1942 CRON[179389]: pam_unix(cron:session): session opened for user root by (uid=0)
Jan 17 02:17:01 ryan-1942 CRON[179389]: pam_unix(cron:session): session closed for user root
Jan 17 03:10:01 ryan-1942 CRON[179800]: pam_unix(cron:session): session opened for user root by (uid=0)
Jan 17 03:10:01 ryan-1942 CRON[179800]: pam_unix(cron:session): session closed for user root
Jan 17 03:17:01 ryan-1942 CRON[179896]: pam_unix(cron:session): session opened for user root by (uid=0)
Jan 17 03:17:01 ryan-1942 CRON[179896]: pam_unix(cron:session): session closed for user root
Jan 17 03:30:01 ryan-1942 CRON[179999]: pam_unix(cron:session): session opened for user root by (uid=0)
Jan 17 03:30:01 ryan-1942 CRON[179999]: pam_unix(cron:session): session closed for user root
Jan 17 04:17:01 ryan-1942 CRON[180372]: pam_unix(cron:session): session opened for user root by (uid=0)
Jan 17 04:17:01 ryan-1942 CRON[180372]: pam_unix(cron:session): session closed for user root
Jan 17 05:17:01 ryan-1942 CRON[180834]: pam_unix(cron:session): session opened for user root by (uid=0)
Jan 17 05:17:01 ryan-1942 CRON[180834]: pam_unix(cron:session): session closed for user root
Jan 17 06:17:01 ryan-1942 CRON[181384]: pam_unix(cron:session): session opened for user root by (uid=0)
Jan 17 06:17:01 ryan-1942 CRON[181384]: pam_unix(cron:session): session closed for user root
Jan 17 06:25:01 ryan-1942 CRON[181442]: pam_unix(cron:session): session opened for user root by (uid=0)
Jan 17 06:25:01 ryan-1942 CRON[181442]: pam_unix(cron:session): session closed for user root
Jan 17 06:47:01 ryan-1942 CRON[181677]: pam_unix(cron:session): session opened for user root by (uid=0)
Jan 17 06:47:01 ryan-1942 CRON[181677]: pam_unix(cron:session): session closed for user root
Jan 17 07:17:01 ryan-1942 CRON[181910]: pam_unix(cron:session): session opened for user root by (uid=0)
Jan 17 07:17:01 ryan-1942 CRON[181910]: pam_unix(cron:session): session closed for user root
Jan 17 07:30:01 ryan-1942 CRON[182012]: pam_unix(cron:session): session opened for user root by (uid=0)
Jan 17 07:30:01 ryan-1942 CRON[182012]: pam_unix(cron:session): session closed for user root
Jan 17 08:17:01 ryan-1942 CRON[183096]: pam_unix(cron:session): session opened for user root by (uid=0)
Jan 17 08:17:01 ryan-1942 CRON[183096]: pam_unix(cron:session): session closed for user root
Jan 17 08:30:01 ryan-1942 CRON[183207]: pam_unix(cron:session): session opened for user root by (uid=0)
Jan 17 08:30:01 ryan-1942 CRON[183207]: pam_unix(cron:session): session closed for user root
Jan 17 09:17:01 ryan-1942 CRON[183674]: pam_unix(cron:session): session opened for user root by (uid=0)
Jan 17 09:17:01 ryan-1942 CRON[183674]: pam_unix(cron:session): session closed for user root
Jan 17 09:30:01 ryan-1942 CRON[183787]: pam_unix(cron:session): session opened for user root by (uid=0)
Jan 17 09:30:01 ryan-1942 CRON[183787]: pam_unix(cron:session): session closed for user root
Jan 17 10:17:01 ryan-1942 CRON[184157]: pam_unix(cron:session): session opened for user root by (uid=0)
Jan 17 10:17:01 ryan-1942 CRON[184157]: pam_unix(cron:session): session closed for user root
Jan 17 10:30:01 ryan-1942 CRON[184269]: pam_unix(cron:session): session opened for user root by (uid=0)
Jan 17 10:30:01 ryan-1942 CRON[184269]: pam_unix(cron:session): session closed for user root
Jan 17 11:17:01 ryan-1942 CRON[184640]: pam_unix(cron:session): session opened for user root by (uid=0)
Jan 17 11:17:01 ryan-1942 CRON[184640]: pam_unix(cron:session): session closed for user root
Jan 17 11:30:01 ryan-1942 CRON[184755]: pam_unix(cron:session): session opened for user root by (uid=0)
Jan 17 11:30:01 ryan-1942 CRON[184755]: pam_unix(cron:session): session closed for user root
Jan 17 12:17:01 ryan-1942 CRON[185159]: pam_unix(cron:session): session opened for user root by (uid=0)
Jan 17 12:17:01 ryan-1942 CRON[185159]: pam_unix(cron:session): session closed for user root
Jan 17 12:30:01 ryan-1942 CRON[185267]: pam_unix(cron:session): session opened for user root by (uid=0)
Jan 17 12:30:01 ryan-1942 CRON[185267]: pam_unix(cron:session): session closed for user root
Jan 17 13:17:01 ryan-1942 CRON[185670]: pam_unix(cron:session): session opened for user root by (uid=0)
Jan 17 13:17:01 ryan-1942 CRON[185670]: pam_unix(cron:session): session closed for user root
Jan 17 13:30:01 ryan-1942 CRON[185793]: pam_unix(cron:session): session opened for user root by (uid=0)
Jan 17 13:30:01 ryan-1942 CRON[185793]: pam_unix(cron:session): session closed for user root
Jan 17 14:17:01 ryan-1942 CRON[186183]: pam_unix(cron:session): session opened for user root by (uid=0)
Jan 17 14:17:01 ryan-1942 CRON[186183]: pam_unix(cron:session): session closed for user root
Jan 17 14:30:01 ryan-1942 CRON[186311]: pam_unix(cron:session): session opened for user root by (uid=0)
Jan 17 14:30:01 ryan-1942 CRON[186311]: pam_unix(cron:session): session closed for user root
Jan 17 15:17:02 ryan-1942 CRON[186682]: pam_unix(cron:session): session opened for user root by (uid=0)
Jan 17 15:17:02 ryan-1942 CRON[186682]: pam_unix(cron:session): session closed for user root
Jan 17 15:30:01 ryan-1942 CRON[186796]: pam_unix(cron:session): session opened for user root by (uid=0)
Jan 17 15:30:01 ryan-1942 CRON[186796]: pam_unix(cron:session): session closed for user root
Jan 17 16:17:01 ryan-1942 CRON[187169]: pam_unix(cron:session): session opened for user root by (uid=0)
Jan 17 16:17:01 ryan-1942 CRON[187169]: pam_unix(cron:session): session closed for user root
Jan 17 16:30:01 ryan-1942 CRON[187281]: pam_unix(cron:session): session opened for user root by (uid=0)
Jan 17 16:30:01 ryan-1942 CRON[187281]: pam_unix(cron:session): session closed for user root
Jan 17 17:17:01 ryan-1942 CRON[187645]: pam_unix(cron:session): session opened for user root by (uid=0)
Jan 17 17:17:01 ryan-1942 CRON[187645]: pam_unix(cron:session): session closed for user root
Jan 17 17:30:01 ryan-1942 CRON[187762]: pam_unix(cron:session): session opened for user root by (uid=0)
Jan 17 17:30:01 ryan-1942 CRON[187762]: pam_unix(cron:session): session closed for user root
Jan 17 18:17:01 ryan-1942 CRON[188132]: pam_unix(cron:session): session opened for user root by (uid=0)
Jan 17 18:17:01 ryan-1942 CRON[188132]: pam_unix(cron:session): session closed for user root
Jan 17 18:30:01 ryan-1942 CRON[188250]: pam_unix(cron:session): session opened for user root by (uid=0)
Jan 17 18:30:01 ryan-1942 CRON[188250]: pam_unix(cron:session): session closed for user root
Jan 17 19:17:01 ryan-1942 CRON[188674]: pam_unix(cron:session): session opened for user root by (uid=0)
Jan 17 19:17:01 ryan-1942 CRON[188674]: pam_unix(cron:session): session closed for user root
Jan 17 19:30:01 ryan-1942 CRON[188785]: pam_unix(cron:session): session opened for user root by (uid=0)
Jan 17 19:30:01 ryan-1942 CRON[188785]: pam_unix(cron:session): session closed for user root
Jan 17 20:17:01 ryan-1942 CRON[189186]: pam_unix(cron:session): session opened for user root by (uid=0)
Jan 17 20:17:01 ryan-1942 CRON[189186]: pam_unix(cron:session): session closed for user root
Jan 17 20:30:01 ryan-1942 CRON[189310]: pam_unix(cron:session): session opened for user root by (uid=0)
Jan 17 20:30:01 ryan-1942 CRON[189310]: pam_unix(cron:session): session closed for user root
Jan 17 21:17:01 ryan-1942 CRON[189684]: pam_unix(cron:session): session opened for user root by (uid=0)
Jan 17 21:17:01 ryan-1942 CRON[189684]: pam_unix(cron:session): session closed for user root
Jan 17 21:30:01 ryan-1942 CRON[189794]: pam_unix(cron:session): session opened for user root by (uid=0)
Jan 17 21:30:01 ryan-1942 CRON[189794]: pam_unix(cron:session): session closed for user root
Jan 17 22:17:01 ryan-1942 CRON[190263]: pam_unix(cron:session): session opened for user root by (uid=0)
Jan 17 22:17:01 ryan-1942 CRON[190263]: pam_unix(cron:session): session closed for user root
Jan 17 22:30:01 ryan-1942 CRON[190376]: pam_unix(cron:session): session opened for user root by (uid=0)
Jan 17 22:30:01 ryan-1942 CRON[190376]: pam_unix(cron:session): session closed for user root
Jan 17 23:17:01 ryan-1942 CRON[190745]: pam_unix(cron:session): session opened for user root by (uid=0)
Jan 17 23:17:01 ryan-1942 CRON[190745]: pam_unix(cron:session): session closed for user root
Jan 17 23:30:01 ryan-1942 CRON[190860]: pam_unix(cron:session): session opened for user root by (uid=0)
Jan 17 23:30:01 ryan-1942 CRON[190860]: pam_unix(cron:session): session closed for user root
Jan 18 00:17:01 ryan-1942 CRON[191349]: pam_unix(cron:session): session opened for user root by (uid=0)
Jan 18 00:17:01 ryan-1942 CRON[191349]: pam_unix(cron:session): session closed for user root
Jan 18 01:17:01 ryan-1942 CRON[191850]: pam_unix(cron:session): session opened for user root by (uid=0)
Jan 18 01:17:01 ryan-1942 CRON[191850]: pam_unix(cron:session): session closed for user root
Jan 18 02:17:01 ryan-1942 CRON[192367]: pam_unix(cron:session): session opened for user root by (uid=0)
Jan 18 02:17:01 ryan-1942 CRON[192367]: pam_unix(cron:session): session closed for user root
Jan 18 03:10:01 ryan-1942 CRON[192771]: pam_unix(cron:session): session opened for user root by (uid=0)
Jan 18 03:10:01 ryan-1942 CRON[192771]: pam_unix(cron:session): session closed for user root
Jan 18 03:17:01 ryan-1942 CRON[192840]: pam_unix(cron:session): session opened for user root by (uid=0)
Jan 18 03:17:01 ryan-1942 CRON[192840]: pam_unix(cron:session): session closed for user root
Jan 18 04:17:01 ryan-1942 CRON[193306]: pam_unix(cron:session): session opened for user root by (uid=0)
Jan 18 04:17:01 ryan-1942 CRON[193306]: pam_unix(cron:session): session closed for user root
Jan 18 05:17:01 ryan-1942 CRON[193762]: pam_unix(cron:session): session opened for user root by (uid=0)
Jan 18 05:17:01 ryan-1942 CRON[193762]: pam_unix(cron:session): session closed for user root
Jan 18 06:17:01 ryan-1942 CRON[194211]: pam_unix(cron:session): session opened for user root by (uid=0)
Jan 18 06:17:01 ryan-1942 CRON[194211]: pam_unix(cron:session): session closed for user root
Jan 18 06:25:01 ryan-1942 CRON[194275]: pam_unix(cron:session): session opened for user root by (uid=0)
Jan 18 06:25:01 ryan-1942 CRON[194275]: pam_unix(cron:session): session closed for user root
Jan 18 07:17:01 ryan-1942 CRON[194802]: pam_unix(cron:session): session opened for user root by (uid=0)
Jan 18 07:17:01 ryan-1942 CRON[194802]: pam_unix(cron:session): session closed for user root
Jan 18 07:30:01 ryan-1942 CRON[194905]: pam_unix(cron:session): session opened for user root by (uid=0)
Jan 18 07:30:01 ryan-1942 CRON[194905]: pam_unix(cron:session): session closed for user root
Jan 18 08:17:01 ryan-1942 CRON[195987]: pam_unix(cron:session): session opened for user root by (uid=0)
Jan 18 08:17:01 ryan-1942 CRON[195987]: pam_unix(cron:session): session closed for user root
Jan 18 08:30:01 ryan-1942 CRON[196092]: pam_unix(cron:session): session opened for user root by (uid=0)
Jan 18 08:30:01 ryan-1942 CRON[196092]: pam_unix(cron:session): session closed for user root
Jan 18 09:17:01 ryan-1942 CRON[196566]: pam_unix(cron:session): session opened for user root by (uid=0)
Jan 18 09:17:01 ryan-1942 CRON[196566]: pam_unix(cron:session): session closed for user root
Jan 18 09:30:01 ryan-1942 CRON[196663]: pam_unix(cron:session): session opened for user root by (uid=0)
Jan 18 09:30:01 ryan-1942 CRON[196663]: pam_unix(cron:session): session closed for user root
Jan 18 10:17:01 ryan-1942 CRON[197064]: pam_unix(cron:session): session opened for user root by (uid=0)
Jan 18 10:17:01 ryan-1942 CRON[197064]: pam_unix(cron:session): session closed for user root
Jan 18 10:30:01 ryan-1942 CRON[197169]: pam_unix(cron:session): session opened for user root by (uid=0)
Jan 18 10:30:01 ryan-1942 CRON[197169]: pam_unix(cron:session): session closed for user root
Jan 18 11:17:01 ryan-1942 CRON[197571]: pam_unix(cron:session): session opened for user root by (uid=0)
Jan 18 11:17:01 ryan-1942 CRON[197571]: pam_unix(cron:session): session closed for user root
Jan 18 11:30:01 ryan-1942 CRON[197672]: pam_unix(cron:session): session opened for user root by (uid=0)
Jan 18 11:30:01 ryan-1942 CRON[197672]: pam_unix(cron:session): session closed for user root
Jan 18 12:17:01 ryan-1942 CRON[198064]: pam_unix(cron:session): session opened for user root by (uid=0)
Jan 18 12:17:01 ryan-1942 CRON[198064]: pam_unix(cron:session): session closed for user root
Jan 18 12:30:01 ryan-1942 CRON[198163]: pam_unix(cron:session): session opened for user root by (uid=0)
Jan 18 12:30:01 ryan-1942 CRON[198163]: pam_unix(cron:session): session closed for user root
Jan 18 13:17:01 ryan-1942 CRON[198648]: pam_unix(cron:session): session opened for user root by (uid=0)
Jan 18 13:17:01 ryan-1942 CRON[198648]: pam_unix(cron:session): session closed for user root
Jan 18 13:30:01 ryan-1942 CRON[198750]: pam_unix(cron:session): session opened for user root by (uid=0)
Jan 18 13:30:01 ryan-1942 CRON[198750]: pam_unix(cron:session): session closed for user root
Jan 18 14:17:01 ryan-1942 CRON[199132]: pam_unix(cron:session): session opened for user root by (uid=0)
Jan 18 14:17:01 ryan-1942 CRON[199132]: pam_unix(cron:session): session closed for user root
Jan 18 14:30:01 ryan-1942 CRON[199234]: pam_unix(cron:session): session opened for user root by (uid=0)
Jan 18 14:30:01 ryan-1942 CRON[199234]: pam_unix(cron:session): session closed for user root
Jan 18 15:17:01 ryan-1942 CRON[199653]: pam_unix(cron:session): session opened for user root by (uid=0)
Jan 18 15:17:01 ryan-1942 CRON[199653]: pam_unix(cron:session): session closed for user root
Jan 18 15:30:01 ryan-1942 CRON[199759]: pam_unix(cron:session): session opened for user root by (uid=0)
Jan 18 15:30:01 ryan-1942 CRON[199759]: pam_unix(cron:session): session closed for user root
Jan 18 16:17:01 ryan-1942 CRON[200167]: pam_unix(cron:session): session opened for user root by (uid=0)
Jan 18 16:17:01 ryan-1942 CRON[200167]: pam_unix(cron:session): session closed for user root
Jan 18 16:30:01 ryan-1942 CRON[200265]: pam_unix(cron:session): session opened for user root by (uid=0)
Jan 18 16:30:01 ryan-1942 CRON[200265]: pam_unix(cron:session): session closed for user root
Jan 18 17:17:01 ryan-1942 CRON[200640]: pam_unix(cron:session): session opened for user root by (uid=0)
Jan 18 17:17:01 ryan-1942 CRON[200640]: pam_unix(cron:session): session closed for user root
Jan 18 17:30:01 ryan-1942 CRON[200743]: pam_unix(cron:session): session opened for user root by (uid=0)
Jan 18 17:30:01 ryan-1942 CRON[200743]: pam_unix(cron:session): session closed for user root
Jan 18 18:17:01 ryan-1942 CRON[201121]: pam_unix(cron:session): session opened for user root by (uid=0)
Jan 18 18:17:01 ryan-1942 CRON[201121]: pam_unix(cron:session): session closed for user root
Jan 18 18:30:01 ryan-1942 CRON[201227]: pam_unix(cron:session): session opened for user root by (uid=0)
Jan 18 18:30:01 ryan-1942 CRON[201227]: pam_unix(cron:session): session closed for user root
Jan 18 19:17:01 ryan-1942 CRON[201597]: pam_unix(cron:session): session opened for user root by (uid=0)
Jan 18 19:17:01 ryan-1942 CRON[201597]: pam_unix(cron:session): session closed for user root
Jan 18 19:30:01 ryan-1942 CRON[201739]: pam_unix(cron:session): session opened for user root by (uid=0)
Jan 18 19:30:01 ryan-1942 CRON[201739]: pam_unix(cron:session): session closed for user root
Jan 18 20:17:01 ryan-1942 CRON[202170]: pam_unix(cron:session): session opened for user root by (uid=0)
Jan 18 20:17:01 ryan-1942 CRON[202170]: pam_unix(cron:session): session closed for user root
Jan 18 20:30:01 ryan-1942 CRON[202287]: pam_unix(cron:session): session opened for user root by (uid=0)
Jan 18 20:30:01 ryan-1942 CRON[202287]: pam_unix(cron:session): session closed for user root
Jan 18 21:17:01 ryan-1942 CRON[202661]: pam_unix(cron:session): session opened for user root by (uid=0)
Jan 18 21:17:01 ryan-1942 CRON[202661]: pam_unix(cron:session): session closed for user root
Jan 18 21:30:01 ryan-1942 CRON[202766]: pam_unix(cron:session): session opened for user root by (uid=0)
Jan 18 21:30:01 ryan-1942 CRON[202766]: pam_unix(cron:session): session closed for user root
Jan 18 22:17:02 ryan-1942 CRON[203148]: pam_unix(cron:session): session opened for user root by (uid=0)
Jan 18 22:17:02 ryan-1942 CRON[203148]: pam_unix(cron:session): session closed for user root
Jan 18 22:30:01 ryan-1942 CRON[203258]: pam_unix(cron:session): session opened for user root by (uid=0)
Jan 18 22:30:01 ryan-1942 CRON[203258]: pam_unix(cron:session): session closed for user root
Jan 18 23:17:01 ryan-1942 CRON[203632]: pam_unix(cron:session): session opened for user root by (uid=0)
Jan 18 23:17:01 ryan-1942 CRON[203632]: pam_unix(cron:session): session closed for user root
Jan 18 23:30:01 ryan-1942 CRON[203766]: pam_unix(cron:session): session opened for user root by (uid=0)
Jan 18 23:30:01 ryan-1942 CRON[203766]: pam_unix(cron:session): session closed for user root
Jan 19 00:17:01 ryan-1942 CRON[204245]: pam_unix(cron:session): session opened for user root by (uid=0)
Jan 19 00:17:01 ryan-1942 CRON[204245]: pam_unix(cron:session): session closed for user root
Jan 19 01:17:01 ryan-1942 CRON[204707]: pam_unix(cron:session): session opened for user root by (uid=0)
Jan 19 01:17:01 ryan-1942 CRON[204707]: pam_unix(cron:session): session closed for user root
Jan 19 02:17:01 ryan-1942 CRON[205234]: pam_unix(cron:session): session opened for user root by (uid=0)
Jan 19 02:17:01 ryan-1942 CRON[205234]: pam_unix(cron:session): session closed for user root
Jan 19 03:10:01 ryan-1942 CRON[205641]: pam_unix(cron:session): session opened for user root by (uid=0)
Jan 19 03:10:01 ryan-1942 CRON[205641]: pam_unix(cron:session): session closed for user root
Jan 19 03:17:01 ryan-1942 CRON[205707]: pam_unix(cron:session): session opened for user root by (uid=0)
Jan 19 03:17:01 ryan-1942 CRON[205707]: pam_unix(cron:session): session closed for user root
Jan 19 04:17:01 ryan-1942 CRON[206184]: pam_unix(cron:session): session opened for user root by (uid=0)
Jan 19 04:17:01 ryan-1942 CRON[206184]: pam_unix(cron:session): session closed for user root
Jan 19 05:17:01 ryan-1942 CRON[206628]: pam_unix(cron:session): session opened for user root by (uid=0)
Jan 19 05:17:01 ryan-1942 CRON[206628]: pam_unix(cron:session): session closed for user root
Jan 19 06:17:01 ryan-1942 CRON[207184]: pam_unix(cron:session): session opened for user root by (uid=0)
Jan 19 06:17:01 ryan-1942 CRON[207184]: pam_unix(cron:session): session closed for user root
Jan 19 06:25:01 ryan-1942 CRON[207254]: pam_unix(cron:session): session opened for user root by (uid=0)
Jan 19 06:25:01 ryan-1942 CRON[207254]: pam_unix(cron:session): session closed for user root
Jan 19 07:17:01 ryan-1942 CRON[207737]: pam_unix(cron:session): session opened for user root by (uid=0)
Jan 19 07:17:01 ryan-1942 CRON[207737]: pam_unix(cron:session): session closed for user root
Jan 19 07:30:01 ryan-1942 CRON[207881]: pam_unix(cron:session): session opened for user root by (uid=0)
Jan 19 07:30:01 ryan-1942 CRON[207881]: pam_unix(cron:session): session closed for user root
Jan 19 08:17:01 ryan-1942 CRON[208957]: pam_unix(cron:session): session opened for user root by (uid=0)
Jan 19 08:17:01 ryan-1942 CRON[208957]: pam_unix(cron:session): session closed for user root
Jan 19 08:30:01 ryan-1942 CRON[209063]: pam_unix(cron:session): session opened for user root by (uid=0)
Jan 19 08:30:01 ryan-1942 CRON[209063]: pam_unix(cron:session): session closed for user root
Jan 19 09:17:01 ryan-1942 CRON[209437]: pam_unix(cron:session): session opened for user root by (uid=0)
Jan 19 09:17:01 ryan-1942 CRON[209437]: pam_unix(cron:session): session closed for user root
Jan 19 09:30:01 ryan-1942 CRON[209545]: pam_unix(cron:session): session opened for user root by (uid=0)
Jan 19 09:30:01 ryan-1942 CRON[209545]: pam_unix(cron:session): session closed for user root
Jan 19 10:17:01 ryan-1942 CRON[209972]: pam_unix(cron:session): session opened for user root by (uid=0)
Jan 19 10:17:01 ryan-1942 CRON[209972]: pam_unix(cron:session): session closed for user root
Jan 19 10:30:01 ryan-1942 CRON[210079]: pam_unix(cron:session): session opened for user root by (uid=0)
Jan 19 10:30:01 ryan-1942 CRON[210079]: pam_unix(cron:session): session closed for user root
Jan 19 11:17:01 ryan-1942 CRON[210449]: pam_unix(cron:session): session opened for user root by (uid=0)
Jan 19 11:17:01 ryan-1942 CRON[210449]: pam_unix(cron:session): session closed for user root
Jan 19 11:30:01 ryan-1942 CRON[210565]: pam_unix(cron:session): session opened for user root by (uid=0)
Jan 19 11:30:01 ryan-1942 CRON[210565]: pam_unix(cron:session): session closed for user root
Jan 19 12:17:01 ryan-1942 CRON[210971]: pam_unix(cron:session): session opened for user root by (uid=0)
Jan 19 12:17:01 ryan-1942 CRON[210971]: pam_unix(cron:session): session closed for user root
Jan 19 12:30:01 ryan-1942 CRON[211081]: pam_unix(cron:session): session opened for user root by (uid=0)
Jan 19 12:30:01 ryan-1942 CRON[211081]: pam_unix(cron:session): session closed for user root
Jan 19 13:17:01 ryan-1942 CRON[211462]: pam_unix(cron:session): session opened for user root by (uid=0)
Jan 19 13:17:01 ryan-1942 CRON[211462]: pam_unix(cron:session): session closed for user root
Jan 19 13:30:01 ryan-1942 CRON[211607]: pam_unix(cron:session): session opened for user root by (uid=0)
Jan 19 13:30:01 ryan-1942 CRON[211607]: pam_unix(cron:session): session closed for user root
Jan 19 14:17:01 ryan-1942 CRON[211991]: pam_unix(cron:session): session opened for user root by (uid=0)
Jan 19 14:17:01 ryan-1942 CRON[211991]: pam_unix(cron:session): session closed for user root
Jan 19 14:30:01 ryan-1942 CRON[212091]: pam_unix(cron:session): session opened for user root by (uid=0)
Jan 19 14:30:01 ryan-1942 CRON[212091]: pam_unix(cron:session): session closed for user root
Jan 19 15:06:57 ryan-1942 sshd[212401]: Accepted password for ryan from 10.10.0.10 port 36630 ssh2
Jan 19 15:06:57 ryan-1942 sshd[212401]: pam_unix(sshd:session): session opened for user ryan by (uid=0)
Jan 19 15:06:57 ryan-1942 systemd-logind[627]: New session 472 of user ryan.
Jan 19 15:07:12 ryan-1942 sshd[212466]: Accepted password for ryan from 10.10.0.6 port 58198 ssh2
Jan 19 15:07:12 ryan-1942 sshd[212466]: pam_unix(sshd:session): session opened for user ryan by (uid=0)
Jan 19 15:07:12 ryan-1942 systemd-logind[627]: New session 473 of user ryan.
Jan 19 15:09:39 ryan-1942 sshd[213378]: Accepted password for ryan from 10.10.0.10 port 36636 ssh2
Jan 19 15:09:39 ryan-1942 sshd[213378]: pam_unix(sshd:session): session opened for user ryan by (uid=0)
Jan 19 15:09:39 ryan-1942 systemd-logind[627]: New session 474 of user ryan.
Jan 19 15:12:19 ryan-1942 sshd[213398]: Received disconnect from 10.10.0.10 port 36636:11: disconnected by user
Jan 19 15:12:19 ryan-1942 sshd[213398]: Disconnected from user ryan 10.10.0.10 port 36636
Jan 19 15:12:19 ryan-1942 sshd[213378]: pam_unix(sshd:session): session closed for user ryan
Jan 19 15:12:19 ryan-1942 systemd-logind[627]: Session 474 logged out. Waiting for processes to exit.
Jan 19 15:12:19 ryan-1942 systemd-logind[627]: Removed session 474.
Jan 19 15:12:50 ryan-1942 sshd[212482]: Received disconnect from 10.10.0.6 port 58198:11: disconnected by user
Jan 19 15:12:50 ryan-1942 sshd[212482]: Disconnected from user ryan 10.10.0.6 port 58198
Jan 19 15:12:50 ryan-1942 sshd[212466]: pam_unix(sshd:session): session closed for user ryan
Jan 19 15:12:50 ryan-1942 systemd-logind[627]: Session 473 logged out. Waiting for processes to exit.
Jan 19 15:12:50 ryan-1942 systemd-logind[627]: Removed session 473.
Jan 19 15:12:51 ryan-1942 sshd[212422]: Received disconnect from 10.10.0.10 port 36630:11: disconnected by user
Jan 19 15:12:51 ryan-1942 sshd[212422]: Disconnected from user ryan 10.10.0.10 port 36630
Jan 19 15:12:51 ryan-1942 sshd[212401]: pam_unix(sshd:session): session closed for user ryan
Jan 19 15:12:51 ryan-1942 systemd-logind[627]: Session 472 logged out. Waiting for processes to exit.
Jan 19 15:12:51 ryan-1942 systemd-logind[627]: Removed session 472.
Jan 19 15:17:01 ryan-1942 CRON[213594]: pam_unix(cron:session): session opened for user root by (uid=0)
Jan 19 15:17:01 ryan-1942 CRON[213594]: pam_unix(cron:session): session closed for user root
Jan 19 15:30:01 ryan-1942 CRON[213697]: pam_unix(cron:session): session opened for user root by (uid=0)
Jan 19 15:30:01 ryan-1942 CRON[213697]: pam_unix(cron:session): session closed for user root
Jan 19 15:40:35 ryan-1942 cinnamon-screensaver-pam-helper: pam_unix(cinnamon-screensaver:auth): Couldn't open /etc/securetty: 그런 파일이나 디렉터리가 없습니다
Jan 19 15:40:36 ryan-1942 cinnamon-screensaver-pam-helper: message repeated 2 times: [ pam_unix(cinnamon-screensaver:auth): Couldn't open /etc/securetty: 그런 파일이나 디렉터리가 없습니다]
Jan 19 15:40:36 ryan-1942 cinnamon-screensaver-pam-helper: gkr-pam: unlocked login keyring
Jan 19 15:40:41 ryan-1942 pkexec: pam_unix(polkit-1:session): session opened for user root by (uid=1000)
Jan 19 15:40:41 ryan-1942 pkexec[213836]: ryan: Executing command [USER=root] [TTY=unknown] [CWD=/home/ryan] [COMMAND=/usr/libexec/cpugovctl set performance]
Jan 19 16:05:13 ryan-1942 pkexec: pam_unix(polkit-1:session): session opened for user root by (uid=1000)
Jan 19 16:05:13 ryan-1942 pkexec[214560]: ryan: Executing command [USER=root] [TTY=unknown] [CWD=/home/ryan] [COMMAND=/usr/libexec/cpugovctl set powersave]
Jan 19 16:06:54 ryan-1942 dbus-daemon[579]: [system] Failed to activate service 'org.bluez': timed out (service_start_timeout=25000ms)
Jan 19 16:08:29 ryan-1942 dbus-daemon[579]: [system] Failed to activate service 'org.bluez': timed out (service_start_timeout=25000ms)
Jan 19 16:10:45 ryan-1942 dbus-daemon[579]: [system] Failed to activate service 'org.bluez': timed out (service_start_timeout=25000ms)
Jan 19 16:12:05 ryan-1942 dbus-daemon[579]: [system] Failed to activate service 'org.bluez': timed out (service_start_timeout=25000ms)
Jan 19 16:12:33 ryan-1942 dbus-daemon[579]: [system] Failed to activate service 'org.bluez': timed out (service_start_timeout=25000ms)
Jan 19 16:12:46 ryan-1942 polkitd(authority=local): Operator of unix-session:c2 successfully authenticated as unix-user:ryan to gain ONE-SHOT authorization for action org.freedesktop.policykit.exec for unix-process:216485:93875292 [/bin/sh -c cd "/home/ryan/tmp/111/11111111111/0119/electron-api-demos"; "/usr/bin/pkexec" --disable-internal-agent /bin/bash -c "echo SUDOPROMPT;  sudo cp /var/log/syslog  /home/ryan/.config/askos-support/feedback/syslog.log &&  sudo cp /var/log/auth.log  /home/ryan/.config/askos-support/feedback &&  sudo cp /var/log/boot.log  /home/ryan/.config/askos-support/feedback &&  sudo lshw -short > lshw.log  /home/ryan/.config/askos-support/feedback &&  sudo lscpu  > lscpu.log  /home/ryan/.config/askos-support/feedback &&  sudo lsblk  > lsblk.log  /home/ryan/.config/askos-support/feedback &&  sudo lspci -v  > lspci.log  /home/ryan/.config/askos-support/feedback &&  sudo cp /var/log/kern.log  /home/ryan/.config/askos-support/feedback &&  dmesg  > /home/ryan/.config/askos-support/feedback/dmesg.log && sudo tar cvf /home/ryan/.config/askos-support/feedback/system_logfile.tar  /home/ryan/.config/askos-support/feedback/*.log"] (owned by unix-user:ryan)
Jan 19 16:12:46 ryan-1942 pkexec: pam_unix(polkit-1:session): session opened for user root by (uid=1000)
Jan 19 16:12:46 ryan-1942 pkexec[216486]: ryan: Executing command [USER=root] [TTY=unknown] [CWD=/home/ryan/tmp/111/11111111111/0119/electron-api-demos] [COMMAND=/bin/bash -c echo SUDOPROMPT;  sudo cp /var/log/syslog  /home/ryan/.config/askos-support/feedback/syslog.log &&  sudo cp /var/log/auth.log  /home/ryan/.config/askos-support/feedback &&  sudo cp /var/log/boot.log  /home/ryan/.config/askos-support/feedback &&  sudo lshw -short > lshw.log  /home/ryan/.config/askos-support/feedback &&  sudo lscpu  > lscpu.log  /home/ryan/.config/askos-support/feedback &&  sudo lsblk  > lsblk.log  /home/ryan/.config/askos-support/feedback &&  sudo lspci -v  > lspci.log  /home/ryan/.config/askos-support/feedback &&  sudo cp /var/log/kern.log  /home/ryan/.config/askos-support/feedback &&  dmesg  > /home/ryan/.config/askos-support/feedback/dmesg.log && sudo tar cvf /home/ryan/.config/askos-support/feedback/system_logfile.tar  /home/ryan/.config/askos-support/feedback/*.log]
Jan 19 16:12:46 ryan-1942 sudo:     root : TTY=pts/2 ; PWD=/root ; USER=root ; COMMAND=/bin/cp /var/log/syslog /home/ryan/.config/askos-support/feedback/syslog.log
Jan 19 16:12:46 ryan-1942 sudo: pam_unix(sudo:session): session opened for user root by (uid=0)
Jan 19 16:12:46 ryan-1942 sudo: pam_unix(sudo:session): session closed for user root
Jan 19 16:12:46 ryan-1942 sudo:     root : TTY=pts/2 ; PWD=/root ; USER=root ; COMMAND=/bin/cp /var/log/auth.log /home/ryan/.config/askos-support/feedback
Jan 19 16:12:46 ryan-1942 sudo: pam_unix(sudo:session): session opened for user root by (uid=0)
Jan 19 16:12:46 ryan-1942 sudo: pam_unix(sudo:session): session closed for user root
Jan 19 16:12:46 ryan-1942 sudo:     root : TTY=pts/2 ; PWD=/root ; USER=root ; COMMAND=/bin/cp /var/log/boot.log /home/ryan/.config/askos-support/feedback
Jan 19 16:12:46 ryan-1942 sudo: pam_unix(sudo:session): session opened for user root by (uid=0)
Jan 19 16:12:46 ryan-1942 sudo: pam_unix(sudo:session): session closed for user root
Jan 19 16:12:46 ryan-1942 sudo:     root : TTY=pts/2 ; PWD=/root ; USER=root ; COMMAND=/usr/bin/lshw -short /home/ryan/.config/askos-support/feedback
Jan 19 16:12:46 ryan-1942 sudo: pam_unix(sudo:session): session opened for user root by (uid=0)
Jan 19 16:12:46 ryan-1942 sudo: pam_unix(sudo:session): session closed for user root
Jan 19 16:14:11 ryan-1942 dbus-daemon[579]: [system] Failed to activate service 'org.bluez': timed out (service_start_timeout=25000ms)
Jan 19 16:14:39 ryan-1942 dbus-daemon[579]: [system] Failed to activate service 'org.bluez': timed out (service_start_timeout=25000ms)
Jan 19 16:15:06 ryan-1942 dbus-daemon[579]: [system] Failed to activate service 'org.bluez': timed out (service_start_timeout=25000ms)
Jan 19 16:15:45 ryan-1942 dbus-daemon[579]: [system] Failed to activate service 'org.bluez': timed out (service_start_timeout=25000ms)
Jan 19 16:17:01 ryan-1942 CRON[217424]: pam_unix(cron:session): session opened for user root by (uid=0)
Jan 19 16:17:01 ryan-1942 CRON[217424]: pam_unix(cron:session): session closed for user root
Jan 19 16:19:30 ryan-1942 dbus-daemon[579]: [system] Failed to activate service 'org.bluez': timed out (service_start_timeout=25000ms)
Jan 19 16:24:08 ryan-1942 dbus-daemon[579]: [system] Failed to activate service 'org.bluez': timed out (service_start_timeout=25000ms)
Jan 19 16:24:09 ryan-1942 polkitd(authority=local): Operator of unix-session:c2 successfully authenticated as unix-user:ryan to gain ONE-SHOT authorization for action org.freedesktop.policykit.exec for unix-process:218236:93943661 [/bin/sh -c cd "/home/ryan/tmp/111/11111111111/0119/electron-api-demos"; "/usr/bin/pkexec" --disable-internal-agent /bin/bash -c "echo SUDOPROMPT;  sudo cp /var/log/syslog  /home/ryan/.config/askos-support/feedback/syslog.log &&  sudo cp /var/log/auth.log  /home/ryan/.config/askos-support/feedback &&  sudo cp /var/log/boot.log  /home/ryan/.config/askos-support/feedback &&  sudo lshw -short > lshw.log  /home/ryan/.config/askos-support/feedback &&  sudo lscpu  > lscpu.log  /home/ryan/.config/askos-support/feedback &&  sudo lsblk  > lsblk.log  /home/ryan/.config/askos-support/feedback &&  sudo lspci -v  > lspci.log  /home/ryan/.config/askos-support/feedback &&  sudo cp /var/log/kern.log  /home/ryan/.config/askos-support/feedback &&  dmesg  > /home/ryan/.config/askos-support/feedback/dmesg.log && sudo tar cvf /home/ryan/.config/askos-support/feedback/system_logfile.tar  /home/ryan/.config/askos-support/feedback/*.log"] (owned by unix-user:ryan)
Jan 19 16:24:10 ryan-1942 pkexec: pam_unix(polkit-1:session): session opened for user root by (uid=1000)
Jan 19 16:24:10 ryan-1942 pkexec[218237]: ryan: Executing command [USER=root] [TTY=unknown] [CWD=/home/ryan/tmp/111/11111111111/0119/electron-api-demos] [COMMAND=/bin/bash -c echo SUDOPROMPT;  sudo cp /var/log/syslog  /home/ryan/.config/askos-support/feedback/syslog.log &&  sudo cp /var/log/auth.log  /home/ryan/.config/askos-support/feedback &&  sudo cp /var/log/boot.log  /home/ryan/.config/askos-support/feedback &&  sudo lshw -short > lshw.log  /home/ryan/.config/askos-support/feedback &&  sudo lscpu  > lscpu.log  /home/ryan/.config/askos-support/feedback &&  sudo lsblk  > lsblk.log  /home/ryan/.config/askos-support/feedback &&  sudo lspci -v  > lspci.log  /home/ryan/.config/askos-support/feedback &&  sudo cp /var/log/kern.log  /home/ryan/.config/askos-support/feedback &&  dmesg  > /home/ryan/.config/askos-support/feedback/dmesg.log && sudo tar cvf /home/ryan/.config/askos-support/feedback/system_logfile.tar  /home/ryan/.config/askos-support/feedback/*.log]
Jan 19 16:24:10 ryan-1942 sudo:     root : TTY=pts/2 ; PWD=/root ; USER=root ; COMMAND=/bin/cp /var/log/syslog /home/ryan/.config/askos-support/feedback/syslog.log
Jan 19 16:24:10 ryan-1942 sudo: pam_unix(sudo:session): session opened for user root by (uid=0)
Jan 19 16:24:10 ryan-1942 sudo: pam_unix(sudo:session): session closed for user root
Jan 19 16:24:10 ryan-1942 sudo:     root : TTY=pts/2 ; PWD=/root ; USER=root ; COMMAND=/bin/cp /var/log/auth.log /home/ryan/.config/askos-support/feedback
Jan 19 16:24:10 ryan-1942 sudo: pam_unix(sudo:session): session opened for user root by (uid=0)
Jan 19 16:24:10 ryan-1942 sudo: pam_unix(sudo:session): session closed for user root
Jan 19 16:24:10 ryan-1942 sudo:     root : TTY=pts/2 ; PWD=/root ; USER=root ; COMMAND=/bin/cp /var/log/boot.log /home/ryan/.config/askos-support/feedback
Jan 19 16:24:10 ryan-1942 sudo: pam_unix(sudo:session): session opened for user root by (uid=0)
Jan 19 16:24:10 ryan-1942 sudo: pam_unix(sudo:session): session closed for user root
Jan 19 16:24:10 ryan-1942 sudo:     root : TTY=pts/2 ; PWD=/root ; USER=root ; COMMAND=/usr/bin/lshw -short /home/ryan/.config/askos-support/feedback
Jan 19 16:24:10 ryan-1942 sudo: pam_unix(sudo:session): session opened for user root by (uid=0)
Jan 19 16:24:10 ryan-1942 sudo: pam_unix(sudo:session): session closed for user root
Jan 19 16:27:05 ryan-1942 dbus-daemon[579]: [system] Failed to activate service 'org.bluez': timed out (service_start_timeout=25000ms)
Jan 19 16:27:11 ryan-1942 polkitd(authority=local): Operator of unix-session:c2 FAILED to authenticate to gain authorization for action org.freedesktop.policykit.exec for unix-process:218821:93961826 [/bin/sh -c cd "/home/ryan/tmp/111/11111111111/0119/electron-api-demos"; "/usr/bin/pkexec" --disable-internal-agent /bin/bash -c "echo SUDOPROMPT;  sudo cp /var/log/syslog  /home/ryan/.config/askos-support/feedback/syslog.log &&  sudo cp /var/log/auth.log  /home/ryan/.config/askos-support/feedback &&  sudo cp /var/log/boot.log  /home/ryan/.config/askos-support/feedback &&  sudo lshw -short > lshw.log  /home/ryan/.config/askos-support/feedback &&  sudo lscpu  > lscpu.log  /home/ryan/.config/askos-support/feedback &&  sudo lsblk  > lsblk.log  /home/ryan/.config/askos-support/feedback &&  sudo lspci -v  > lspci.log  /home/ryan/.config/askos-support/feedback &&  sudo cp /var/log/kern.log  /home/ryan/.config/askos-support/feedback &&  dmesg  > /home/ryan/.config/askos-support/feedback/dmesg.log && sudo tar cvf /home/ryan/.config/askos-support/feedback/system_logfile.tar  /home/ryan/.config/askos-support/feedback/*.log"] (owned by unix-user:ryan)
Jan 19 16:27:11 ryan-1942 pkexec[218822]: ryan: Error executing command as another user: Request dismissed [USER=root] [TTY=unknown] [CWD=/home/ryan/tmp/111/11111111111/0119/electron-api-demos] [COMMAND=/bin/bash -c echo SUDOPROMPT;  sudo cp /var/log/syslog  /home/ryan/.config/askos-support/feedback/syslog.log &&  sudo cp /var/log/auth.log  /home/ryan/.config/askos-support/feedback &&  sudo cp /var/log/boot.log  /home/ryan/.config/askos-support/feedback &&  sudo lshw -short > lshw.log  /home/ryan/.config/askos-support/feedback &&  sudo lscpu  > lscpu.log  /home/ryan/.config/askos-support/feedback &&  sudo lsblk  > lsblk.log  /home/ryan/.config/askos-support/feedback &&  sudo lspci -v  > lspci.log  /home/ryan/.config/askos-support/feedback &&  sudo cp /var/log/kern.log  /home/ryan/.config/askos-support/feedback &&  dmesg  > /home/ryan/.config/askos-support/feedback/dmesg.log && sudo tar cvf /home/ryan/.config/askos-support/feedback/system_logfile.tar  /home/ryan/.config/askos-support/feedback/*.log]
Jan 19 16:30:01 ryan-1942 CRON[218872]: pam_unix(cron:session): session opened for user root by (uid=0)
Jan 19 16:30:01 ryan-1942 CRON[218872]: pam_unix(cron:session): session closed for user root
Jan 19 16:33:28 ryan-1942 dbus-daemon[579]: [system] Failed to activate service 'org.bluez': timed out (service_start_timeout=25000ms)
Jan 19 16:44:21 ryan-1942 dbus-daemon[579]: [system] Failed to activate service 'org.bluez': timed out (service_start_timeout=25000ms)
Jan 19 16:46:06 ryan-1942 dbus-daemon[579]: [system] Failed to activate service 'org.bluez': timed out (service_start_timeout=25000ms)
Jan 19 16:47:52 ryan-1942 dbus-daemon[579]: [system] Failed to activate service 'org.bluez': timed out (service_start_timeout=25000ms)
Jan 19 16:50:45 ryan-1942 dbus-daemon[579]: [system] Failed to activate service 'org.bluez': timed out (service_start_timeout=25000ms)
Jan 19 17:14:07 ryan-1942 dbus-daemon[579]: [system] Failed to activate service 'org.bluez': timed out (service_start_timeout=25000ms)
Jan 19 17:16:31 ryan-1942 dbus-daemon[579]: [system] Failed to activate service 'org.bluez': timed out (service_start_timeout=25000ms)
Jan 19 17:17:01 ryan-1942 CRON[225197]: pam_unix(cron:session): session opened for user root by (uid=0)
Jan 19 17:17:01 ryan-1942 CRON[225197]: pam_unix(cron:session): session closed for user root
Jan 19 17:29:25 ryan-1942 dbus-daemon[579]: [system] Failed to activate service 'org.bluez': timed out (service_start_timeout=25000ms)
Jan 19 17:30:01 ryan-1942 CRON[226421]: pam_unix(cron:session): session opened for user root by (uid=0)
Jan 19 17:30:01 ryan-1942 CRON[226421]: pam_unix(cron:session): session closed for user root
Jan 19 17:31:46 ryan-1942 dbus-daemon[579]: [system] Failed to activate service 'org.bluez': timed out (service_start_timeout=25000ms)
Jan 19 17:32:43 ryan-1942 dbus-daemon[579]: [system] Failed to activate service 'org.bluez': timed out (service_start_timeout=25000ms)
Jan 19 17:34:13 ryan-1942 dbus-daemon[579]: [system] Failed to activate service 'org.bluez': timed out (service_start_timeout=25000ms)
Jan 19 17:35:49 ryan-1942 dbus-daemon[579]: [system] Failed to activate service 'org.bluez': timed out (service_start_timeout=25000ms)
Jan 19 17:36:23 ryan-1942 dbus-daemon[579]: [system] Failed to activate service 'org.bluez': timed out (service_start_timeout=25000ms)
Jan 19 17:38:24 ryan-1942 dbus-daemon[579]: [system] Failed to activate service 'org.bluez': timed out (service_start_timeout=25000ms)
Jan 19 17:42:11 ryan-1942 dbus-daemon[579]: [system] Failed to activate service 'org.bluez': timed out (service_start_timeout=25000ms)
Jan 19 18:08:23 ryan-1942 dbus-daemon[579]: [system] Failed to activate service 'org.bluez': timed out (service_start_timeout=25000ms)
Jan 19 18:10:29 ryan-1942 dbus-daemon[579]: [system] Failed to activate service 'org.bluez': timed out (service_start_timeout=25000ms)
Jan 19 18:14:04 ryan-1942 dbus-daemon[579]: [system] Failed to activate service 'org.bluez': timed out (service_start_timeout=25000ms)
Jan 19 18:17:01 ryan-1942 CRON[232518]: pam_unix(cron:session): session opened for user root by (uid=0)
Jan 19 18:17:01 ryan-1942 CRON[232518]: pam_unix(cron:session): session closed for user root
Jan 19 18:21:35 ryan-1942 polkitd(authority=local): Operator of unix-session:c2 successfully authenticated as unix-user:ryan to gain ONE-SHOT authorization for action org.freedesktop.policykit.exec for unix-process:233324:94648263 [/bin/sh -c cd "/home/ryan/tmp/111/11111111111/0119/electron-api-demos"; "/usr/bin/pkexec" --disable-internal-agent /bin/bash -c "echo SUDOPROMPT;  sudo cp /var/log/syslog  /home/ryan/.config/askos-support/feedback/syslog.log &&  sudo cp /var/log/auth.log  /home/ryan/.config/askos-support/feedback &&  sudo cp /var/log/boot.log  /home/ryan/.config/askos-support/feedback &&  sudo lshw -short > lshw.log  /home/ryan/.config/askos-support/feedback &&  sudo lscpu  > lscpu.log  /home/ryan/.config/askos-support/feedback &&  sudo lsblk  > lsblk.log  /home/ryan/.config/askos-support/feedback &&  sudo lspci -v  > lspci.log  /home/ryan/.config/askos-support/feedback &&  sudo cp /var/log/kern.log  /home/ryan/.config/askos-support/feedback &&  dmesg  > /home/ryan/.config/askos-support/feedback/dmesg.log && sudo tar cvf /home/ryan/.config/askos-support/feedback/system_logfile.tar  /home/ryan/.config/askos-support/feedback/*.log"] (owned by unix-user:ryan)
Jan 19 18:21:36 ryan-1942 pkexec: pam_unix(polkit-1:session): session opened for user root by (uid=1000)
Jan 19 18:21:36 ryan-1942 pkexec[233325]: ryan: Executing command [USER=root] [TTY=unknown] [CWD=/home/ryan/tmp/111/11111111111/0119/electron-api-demos] [COMMAND=/bin/bash -c echo SUDOPROMPT;  sudo cp /var/log/syslog  /home/ryan/.config/askos-support/feedback/syslog.log &&  sudo cp /var/log/auth.log  /home/ryan/.config/askos-support/feedback &&  sudo cp /var/log/boot.log  /home/ryan/.config/askos-support/feedback &&  sudo lshw -short > lshw.log  /home/ryan/.config/askos-support/feedback &&  sudo lscpu  > lscpu.log  /home/ryan/.config/askos-support/feedback &&  sudo lsblk  > lsblk.log  /home/ryan/.config/askos-support/feedback &&  sudo lspci -v  > lspci.log  /home/ryan/.config/askos-support/feedback &&  sudo cp /var/log/kern.log  /home/ryan/.config/askos-support/feedback &&  dmesg  > /home/ryan/.config/askos-support/feedback/dmesg.log && sudo tar cvf /home/ryan/.config/askos-support/feedback/system_logfile.tar  /home/ryan/.config/askos-support/feedback/*.log]
Jan 19 18:21:36 ryan-1942 sudo:     root : TTY=pts/2 ; PWD=/root ; USER=root ; COMMAND=/bin/cp /var/log/syslog /home/ryan/.config/askos-support/feedback/syslog.log
Jan 19 18:21:36 ryan-1942 sudo: pam_unix(sudo:session): session opened for user root by (uid=0)
Jan 19 18:21:36 ryan-1942 sudo: pam_unix(sudo:session): session closed for user root
Jan 19 18:21:36 ryan-1942 sudo:     root : TTY=pts/2 ; PWD=/root ; USER=root ; COMMAND=/bin/cp /var/log/auth.log /home/ryan/.config/askos-support/feedback
Jan 19 18:21:36 ryan-1942 sudo: pam_unix(sudo:session): session opened for user root by (uid=0)
Jan 19 18:21:36 ryan-1942 sudo: pam_unix(sudo:session): session closed for user root
Jan 19 18:21:36 ryan-1942 sudo:     root : TTY=pts/2 ; PWD=/root ; USER=root ; COMMAND=/bin/cp /var/log/boot.log /home/ryan/.config/askos-support/feedback
Jan 19 18:21:36 ryan-1942 sudo: pam_unix(sudo:session): session opened for user root by (uid=0)
Jan 19 18:21:36 ryan-1942 sudo: pam_unix(sudo:session): session closed for user root
Jan 19 18:21:36 ryan-1942 sudo:     root : TTY=pts/2 ; PWD=/root ; USER=root ; COMMAND=/usr/bin/lshw -short /home/ryan/.config/askos-support/feedback
Jan 19 18:21:36 ryan-1942 sudo: pam_unix(sudo:session): session opened for user root by (uid=0)
Jan 19 18:21:36 ryan-1942 sudo: pam_unix(sudo:session): session closed for user root
Jan 19 18:22:34 ryan-1942 polkitd(authority=local): Operator of unix-session:c2 successfully authenticated as unix-user:ryan to gain ONE-SHOT authorization for action org.freedesktop.policykit.exec for unix-process:233528:94654102 [/bin/sh -c cd "/home/ryan/tmp/111/11111111111/0119/electron-api-demos"; "/usr/bin/pkexec" --disable-internal-agent /bin/bash -c "echo SUDOPROMPT;  sudo cp /var/log/syslog  /home/ryan/.config/askos-support/feedback/syslog.log &&  sudo cp /var/log/auth.log  /home/ryan/.config/askos-support/feedback &&  sudo cp /var/log/boot.log  /home/ryan/.config/askos-support/feedback &&  sudo lshw -short > lshw.log  /home/ryan/.config/askos-support/feedback &&  sudo lscpu  > lscpu.log  /home/ryan/.config/askos-support/feedback &&  sudo lsblk  > lsblk.log  /home/ryan/.config/askos-support/feedback &&  sudo lspci -v  > lspci.log  /home/ryan/.config/askos-support/feedback &&  sudo cp /var/log/kern.log  /home/ryan/.config/askos-support/feedback &&  dmesg  > /home/ryan/.config/askos-support/feedback/dmesg.log && sudo tar cvf /home/ryan/.config/askos-support/feedback/system_logfile.tar  /home/ryan/.config/askos-support/feedback/*.log"] (owned by unix-user:ryan)
Jan 19 18:22:34 ryan-1942 pkexec: pam_unix(polkit-1:session): session opened for user root by (uid=1000)
Jan 19 18:22:34 ryan-1942 pkexec[233529]: ryan: Executing command [USER=root] [TTY=unknown] [CWD=/home/ryan/tmp/111/11111111111/0119/electron-api-demos] [COMMAND=/bin/bash -c echo SUDOPROMPT;  sudo cp /var/log/syslog  /home/ryan/.config/askos-support/feedback/syslog.log &&  sudo cp /var/log/auth.log  /home/ryan/.config/askos-support/feedback &&  sudo cp /var/log/boot.log  /home/ryan/.config/askos-support/feedback &&  sudo lshw -short > lshw.log  /home/ryan/.config/askos-support/feedback &&  sudo lscpu  > lscpu.log  /home/ryan/.config/askos-support/feedback &&  sudo lsblk  > lsblk.log  /home/ryan/.config/askos-support/feedback &&  sudo lspci -v  > lspci.log  /home/ryan/.config/askos-support/feedback &&  sudo cp /var/log/kern.log  /home/ryan/.config/askos-support/feedback &&  dmesg  > /home/ryan/.config/askos-support/feedback/dmesg.log && sudo tar cvf /home/ryan/.config/askos-support/feedback/system_logfile.tar  /home/ryan/.config/askos-support/feedback/*.log]
Jan 19 18:22:34 ryan-1942 sudo:     root : TTY=pts/2 ; PWD=/root ; USER=root ; COMMAND=/bin/cp /var/log/syslog /home/ryan/.config/askos-support/feedback/syslog.log
Jan 19 18:22:34 ryan-1942 sudo: pam_unix(sudo:session): session opened for user root by (uid=0)
Jan 19 18:22:34 ryan-1942 sudo: pam_unix(sudo:session): session closed for user root
Jan 19 18:22:34 ryan-1942 sudo:     root : TTY=pts/2 ; PWD=/root ; USER=root ; COMMAND=/bin/cp /var/log/auth.log /home/ryan/.config/askos-support/feedback
Jan 19 18:22:34 ryan-1942 sudo: pam_unix(sudo:session): session opened for user root by (uid=0)
Jan 19 18:22:34 ryan-1942 sudo: pam_unix(sudo:session): session closed for user root
Jan 19 18:22:34 ryan-1942 sudo:     root : TTY=pts/2 ; PWD=/root ; USER=root ; COMMAND=/bin/cp /var/log/boot.log /home/ryan/.config/askos-support/feedback
Jan 19 18:22:34 ryan-1942 sudo: pam_unix(sudo:session): session opened for user root by (uid=0)
Jan 19 18:22:34 ryan-1942 sudo: pam_unix(sudo:session): session closed for user root
Jan 19 18:22:34 ryan-1942 sudo:     root : TTY=pts/2 ; PWD=/root ; USER=root ; COMMAND=/usr/bin/lshw -short /home/ryan/.config/askos-support/feedback
Jan 19 18:22:34 ryan-1942 sudo: pam_unix(sudo:session): session opened for user root by (uid=0)
Jan 19 18:22:34 ryan-1942 sudo: pam_unix(sudo:session): session closed for user root
Jan 19 18:22:53 ryan-1942 dbus-daemon[579]: [system] Failed to activate service 'org.bluez': timed out (service_start_timeout=25000ms)
Jan 19 18:22:56 ryan-1942 sudo: pam_unix(sudo:auth): Couldn't open /etc/securetty: 그런 파일이나 디렉터리가 없습니다
Jan 19 18:22:56 ryan-1942 sudo: pam_unix(sudo:auth): Couldn't open /etc/securetty: 그런 파일이나 디렉터리가 없습니다
Jan 19 18:22:56 ryan-1942 sudo:     ryan : TTY=pts/3 ; PWD=/home/ryan/.config/askos-support ; USER=root ; COMMAND=/usr/bin/lshw -short
Jan 19 18:22:56 ryan-1942 sudo: pam_unix(sudo:session): session opened for user root by (uid=0)
Jan 19 18:22:57 ryan-1942 sudo: pam_unix(sudo:session): session closed for user root
Jan 19 18:23:23 ryan-1942 sudo:     ryan : TTY=pts/3 ; PWD=/home/ryan/.config/askos-support ; USER=root ; COMMAND=/usr/bin/lshw -short
Jan 19 18:23:23 ryan-1942 sudo: pam_unix(sudo:session): session opened for user root by (uid=0)
Jan 19 18:23:24 ryan-1942 sudo: pam_unix(sudo:session): session closed for user root
Jan 19 18:24:02 ryan-1942 sudo:     ryan : TTY=pts/3 ; PWD=/home/ryan/.config/askos-support ; USER=root ; COMMAND=/usr/bin/lshw -short -notime
Jan 19 18:24:02 ryan-1942 sudo: pam_unix(sudo:session): session opened for user root by (uid=0)
Jan 19 18:24:03 ryan-1942 sudo: pam_unix(sudo:session): session closed for user root
Jan 19 18:24:12 ryan-1942 sudo:     ryan : TTY=pts/3 ; PWD=/home/ryan/.config/askos-support ; USER=root ; COMMAND=/usr/bin/lshw -short -quiet
Jan 19 18:24:12 ryan-1942 sudo: pam_unix(sudo:session): session opened for user root by (uid=0)
Jan 19 18:24:13 ryan-1942 sudo: pam_unix(sudo:session): session closed for user root
Jan 19 18:24:18 ryan-1942 sudo:     ryan : TTY=pts/3 ; PWD=/home/ryan/.config/askos-support ; USER=root ; COMMAND=/usr/bin/lshw -short -quiet
Jan 19 18:24:18 ryan-1942 sudo: pam_unix(sudo:session): session opened for user root by (uid=0)
Jan 19 18:24:19 ryan-1942 sudo: pam_unix(sudo:session): session closed for user root
Jan 19 18:24:48 ryan-1942 polkitd(authority=local): Operator of unix-session:c2 successfully authenticated as unix-user:ryan to gain ONE-SHOT authorization for action org.freedesktop.policykit.exec for unix-process:233808:94667525 [/bin/sh -c cd "/home/ryan/tmp/111/11111111111/0119/electron-api-demos"; "/usr/bin/pkexec" --disable-internal-agent /bin/bash -c "echo SUDOPROMPT;  sudo cp /var/log/syslog  /home/ryan/.config/askos-support/feedback/syslog.log &&  sudo cp /var/log/auth.log  /home/ryan/.config/askos-support/feedback &&  sudo cp /var/log/boot.log  /home/ryan/.config/askos-support/feedback &&  sudo lshw -short -quiet > lshw.log  /home/ryan/.config/askos-support/feedback &&  sudo lscpu  > lscpu.log  /home/ryan/.config/askos-support/feedback &&  sudo lsblk  > lsblk.log  /home/ryan/.config/askos-support/feedback &&  sudo lspci -v  > lspci.log  /home/ryan/.config/askos-support/feedback &&  sudo cp /var/log/kern.log  /home/ryan/.config/askos-support/feedback &&  dmesg  > /home/ryan/.config/askos-support/feedback/dmesg.log && sudo tar cvf /home/ryan/.config/askos-support/feedback/system_logfile.tar  /home/ryan/.config/askos-support/feedback/*.log"] (owned by unix-user:ryan)
Jan 19 18:24:48 ryan-1942 pkexec: pam_unix(polkit-1:session): session opened for user root by (uid=1000)
Jan 19 18:24:48 ryan-1942 pkexec[233809]: ryan: Executing command [USER=root] [TTY=unknown] [CWD=/home/ryan/tmp/111/11111111111/0119/electron-api-demos] [COMMAND=/bin/bash -c echo SUDOPROMPT;  sudo cp /var/log/syslog  /home/ryan/.config/askos-support/feedback/syslog.log &&  sudo cp /var/log/auth.log  /home/ryan/.config/askos-support/feedback &&  sudo cp /var/log/boot.log  /home/ryan/.config/askos-support/feedback &&  sudo lshw -short -quiet > lshw.log  /home/ryan/.config/askos-support/feedback &&  sudo lscpu  > lscpu.log  /home/ryan/.config/askos-support/feedback &&  sudo lsblk  > lsblk.log  /home/ryan/.config/askos-support/feedback &&  sudo lspci -v  > lspci.log  /home/ryan/.config/askos-support/feedback &&  sudo cp /var/log/kern.log  /home/ryan/.config/askos-support/feedback &&  dmesg  > /home/ryan/.config/askos-support/feedback/dmesg.log && sudo tar cvf /home/ryan/.config/askos-support/feedback/system_logfile.tar  /home/ryan/.config/askos-support/feedback/*.log]
Jan 19 18:24:48 ryan-1942 sudo:     root : TTY=pts/2 ; PWD=/root ; USER=root ; COMMAND=/bin/cp /var/log/syslog /home/ryan/.config/askos-support/feedback/syslog.log
Jan 19 18:24:48 ryan-1942 sudo: pam_unix(sudo:session): session opened for user root by (uid=0)
Jan 19 18:24:48 ryan-1942 sudo: pam_unix(sudo:session): session closed for user root
Jan 19 18:24:48 ryan-1942 sudo:     root : TTY=pts/2 ; PWD=/root ; USER=root ; COMMAND=/bin/cp /var/log/auth.log /home/ryan/.config/askos-support/feedback
Jan 19 18:24:48 ryan-1942 sudo: pam_unix(sudo:session): session opened for user root by (uid=0)
Jan 19 18:24:48 ryan-1942 sudo: pam_unix(sudo:session): session closed for user root
Jan 19 18:24:48 ryan-1942 sudo:     root : TTY=pts/2 ; PWD=/root ; USER=root ; COMMAND=/bin/cp /var/log/boot.log /home/ryan/.config/askos-support/feedback
Jan 19 18:24:48 ryan-1942 sudo: pam_unix(sudo:session): session opened for user root by (uid=0)
Jan 19 18:24:48 ryan-1942 sudo: pam_unix(sudo:session): session closed for user root
Jan 19 18:24:48 ryan-1942 sudo:     root : TTY=pts/2 ; PWD=/root ; USER=root ; COMMAND=/usr/bin/lshw -short -quiet /home/ryan/.config/askos-support/feedback
Jan 19 18:24:48 ryan-1942 sudo: pam_unix(sudo:session): session opened for user root by (uid=0)
Jan 19 18:24:48 ryan-1942 sudo: pam_unix(sudo:session): session closed for user root
Jan 19 18:25:06 ryan-1942 polkitd(authority=local): Operator of unix-session:c2 successfully authenticated as unix-user:ryan to gain ONE-SHOT authorization for action org.freedesktop.policykit.exec for unix-process:234014:94669328 [/bin/sh -c cd "/home/ryan/tmp/111/11111111111/0119/electron-api-demos"; "/usr/bin/pkexec" --disable-internal-agent /bin/bash -c "echo SUDOPROMPT;  sudo cp /var/log/syslog  /home/ryan/.config/askos-support/feedback/syslog.log &&  sudo cp /var/log/auth.log  /home/ryan/.config/askos-support/feedback &&  sudo cp /var/log/boot.log  /home/ryan/.config/askos-support/feedback &&  sudo lscpu  > lscpu.log  /home/ryan/.config/askos-support/feedback &&  sudo lsblk  > lsblk.log  /home/ryan/.config/askos-support/feedback &&  sudo lspci -v  > lspci.log  /home/ryan/.config/askos-support/feedback &&  sudo cp /var/log/kern.log  /home/ryan/.config/askos-support/feedback &&  dmesg  > /home/ryan/.config/askos-support/feedback/dmesg.log && sudo tar cvf /home/ryan/.config/askos-support/feedback/system_logfile.tar  /home/ryan/.config/askos-support/feedback/*.log"] (owned by unix-user:ryan)
Jan 19 18:25:06 ryan-1942 pkexec: pam_unix(polkit-1:session): session opened for user root by (uid=1000)
Jan 19 18:25:06 ryan-1942 pkexec[234015]: ryan: Executing command [USER=root] [TTY=unknown] [CWD=/home/ryan/tmp/111/11111111111/0119/electron-api-demos] [COMMAND=/bin/bash -c echo SUDOPROMPT;  sudo cp /var/log/syslog  /home/ryan/.config/askos-support/feedback/syslog.log &&  sudo cp /var/log/auth.log  /home/ryan/.config/askos-support/feedback &&  sudo cp /var/log/boot.log  /home/ryan/.config/askos-support/feedback &&  sudo lscpu  > lscpu.log  /home/ryan/.config/askos-support/feedback &&  sudo lsblk  > lsblk.log  /home/ryan/.config/askos-support/feedback &&  sudo lspci -v  > lspci.log  /home/ryan/.config/askos-support/feedback &&  sudo cp /var/log/kern.log  /home/ryan/.config/askos-support/feedback &&  dmesg  > /home/ryan/.config/askos-support/feedback/dmesg.log && sudo tar cvf /home/ryan/.config/askos-support/feedback/system_logfile.tar  /home/ryan/.config/askos-support/feedback/*.log]
Jan 19 18:25:06 ryan-1942 sudo:     root : TTY=pts/2 ; PWD=/root ; USER=root ; COMMAND=/bin/cp /var/log/syslog /home/ryan/.config/askos-support/feedback/syslog.log
Jan 19 18:25:06 ryan-1942 sudo: pam_unix(sudo:session): session opened for user root by (uid=0)
Jan 19 18:25:06 ryan-1942 sudo: pam_unix(sudo:session): session closed for user root
Jan 19 18:25:06 ryan-1942 sudo:     root : TTY=pts/2 ; PWD=/root ; USER=root ; COMMAND=/bin/cp /var/log/auth.log /home/ryan/.config/askos-support/feedback
Jan 19 18:25:06 ryan-1942 sudo: pam_unix(sudo:session): session opened for user root by (uid=0)
Jan 19 18:25:06 ryan-1942 sudo: pam_unix(sudo:session): session closed for user root
Jan 19 18:25:06 ryan-1942 sudo:     root : TTY=pts/2 ; PWD=/root ; USER=root ; COMMAND=/bin/cp /var/log/boot.log /home/ryan/.config/askos-support/feedback
Jan 19 18:25:06 ryan-1942 sudo: pam_unix(sudo:session): session opened for user root by (uid=0)
Jan 19 18:25:06 ryan-1942 sudo: pam_unix(sudo:session): session closed for user root
Jan 19 18:25:06 ryan-1942 sudo:     root : TTY=pts/2 ; PWD=/root ; USER=root ; COMMAND=/usr/bin/lscpu /home/ryan/.config/askos-support/feedback
Jan 19 18:25:06 ryan-1942 sudo: pam_unix(sudo:session): session opened for user root by (uid=0)
Jan 19 18:25:06 ryan-1942 sudo: pam_unix(sudo:session): session closed for user root
Jan 19 18:25:08 ryan-1942 dbus-daemon[579]: [system] Failed to activate service 'org.bluez': timed out (service_start_timeout=25000ms)
Jan 19 18:25:21 ryan-1942 sudo:     ryan : TTY=pts/3 ; PWD=/home/ryan/.config/askos-support ; USER=root ; COMMAND=/usr/bin/lscpu
Jan 19 18:25:21 ryan-1942 sudo: pam_unix(sudo:session): session opened for user root by (uid=0)
Jan 19 18:25:21 ryan-1942 sudo: pam_unix(sudo:session): session closed for user root
Jan 19 18:25:47 ryan-1942 polkitd(authority=local): Operator of unix-session:c2 successfully authenticated as unix-user:ryan to gain ONE-SHOT authorization for action org.freedesktop.policykit.exec for unix-process:234210:94673426 [/bin/sh -c cd "/home/ryan/tmp/111/11111111111/0119/electron-api-demos"; "/usr/bin/pkexec" --disable-internal-agent /bin/bash -c "echo SUDOPROMPT;  sudo cp /var/log/syslog  /home/ryan/.config/askos-support/feedback/syslog.log &&  sudo cp /var/log/auth.log  /home/ryan/.config/askos-support/feedback &&  sudo cp /var/log/boot.log  /home/ryan/.config/askos-support/feedback &&  sudo lscpu -a > lscpu.log  /home/ryan/.config/askos-support/feedback &&  sudo lsblk  > lsblk.log  /home/ryan/.config/askos-support/feedback &&  sudo lspci -v  > lspci.log  /home/ryan/.config/askos-support/feedback &&  sudo cp /var/log/kern.log  /home/ryan/.config/askos-support/feedback &&  dmesg  > /home/ryan/.config/askos-support/feedback/dmesg.log && sudo tar cvf /home/ryan/.config/askos-support/feedback/system_logfile.tar  /home/ryan/.config/askos-support/feedback/*.log"] (owned by unix-user:ryan)
Jan 19 18:25:47 ryan-1942 pkexec: pam_unix(polkit-1:session): session opened for user root by (uid=1000)
Jan 19 18:25:47 ryan-1942 pkexec[234211]: ryan: Executing command [USER=root] [TTY=unknown] [CWD=/home/ryan/tmp/111/11111111111/0119/electron-api-demos] [COMMAND=/bin/bash -c echo SUDOPROMPT;  sudo cp /var/log/syslog  /home/ryan/.config/askos-support/feedback/syslog.log &&  sudo cp /var/log/auth.log  /home/ryan/.config/askos-support/feedback &&  sudo cp /var/log/boot.log  /home/ryan/.config/askos-support/feedback &&  sudo lscpu -a > lscpu.log  /home/ryan/.config/askos-support/feedback &&  sudo lsblk  > lsblk.log  /home/ryan/.config/askos-support/feedback &&  sudo lspci -v  > lspci.log  /home/ryan/.config/askos-support/feedback &&  sudo cp /var/log/kern.log  /home/ryan/.config/askos-support/feedback &&  dmesg  > /home/ryan/.config/askos-support/feedback/dmesg.log && sudo tar cvf /home/ryan/.config/askos-support/feedback/system_logfile.tar  /home/ryan/.config/askos-support/feedback/*.log]
Jan 19 18:25:47 ryan-1942 sudo:     root : TTY=pts/2 ; PWD=/root ; USER=root ; COMMAND=/bin/cp /var/log/syslog /home/ryan/.config/askos-support/feedback/syslog.log
Jan 19 18:25:47 ryan-1942 sudo: pam_unix(sudo:session): session opened for user root by (uid=0)
Jan 19 18:25:47 ryan-1942 sudo: pam_unix(sudo:session): session closed for user root
Jan 19 18:25:47 ryan-1942 sudo:     root : TTY=pts/2 ; PWD=/root ; USER=root ; COMMAND=/bin/cp /var/log/auth.log /home/ryan/.config/askos-support/feedback
Jan 19 18:25:47 ryan-1942 sudo: pam_unix(sudo:session): session opened for user root by (uid=0)
Jan 19 18:25:47 ryan-1942 sudo: pam_unix(sudo:session): session closed for user root
Jan 19 18:25:47 ryan-1942 sudo:     root : TTY=pts/2 ; PWD=/root ; USER=root ; COMMAND=/bin/cp /var/log/boot.log /home/ryan/.config/askos-support/feedback
Jan 19 18:25:47 ryan-1942 sudo: pam_unix(sudo:session): session opened for user root by (uid=0)
Jan 19 18:25:47 ryan-1942 sudo: pam_unix(sudo:session): session closed for user root
Jan 19 18:25:47 ryan-1942 sudo:     root : TTY=pts/2 ; PWD=/root ; USER=root ; COMMAND=/usr/bin/lscpu -a /home/ryan/.config/askos-support/feedback
Jan 19 18:25:47 ryan-1942 sudo: pam_unix(sudo:session): session opened for user root by (uid=0)
Jan 19 18:25:47 ryan-1942 sudo: pam_unix(sudo:session): session closed for user root
Jan 19 18:26:03 ryan-1942 polkitd(authority=local): Operator of unix-session:c2 successfully authenticated as unix-user:ryan to gain ONE-SHOT authorization for action org.freedesktop.policykit.exec for unix-process:234392:94675048 [/bin/sh -c cd "/home/ryan/tmp/111/11111111111/0119/electron-api-demos"; "/usr/bin/pkexec" --disable-internal-agent /bin/bash -c "echo SUDOPROMPT;  sudo cp /var/log/syslog  /home/ryan/.config/askos-support/feedback/syslog.log &&  sudo cp /var/log/auth.log  /home/ryan/.config/askos-support/feedback &&  sudo cp /var/log/boot.log  /home/ryan/.config/askos-support/feedback &&  sudo lscpu -all > lscpu.log  /home/ryan/.config/askos-support/feedback &&  sudo lsblk  > lsblk.log  /home/ryan/.config/askos-support/feedback &&  sudo lspci -v  > lspci.log  /home/ryan/.config/askos-support/feedback &&  sudo cp /var/log/kern.log  /home/ryan/.config/askos-support/feedback &&  dmesg  > /home/ryan/.config/askos-support/feedback/dmesg.log && sudo tar cvf /home/ryan/.config/askos-support/feedback/system_logfile.tar  /home/ryan/.config/askos-support/feedback/*.log"] (owned by unix-user:ryan)
Jan 19 18:26:03 ryan-1942 pkexec: pam_unix(polkit-1:session): session opened for user root by (uid=1000)
Jan 19 18:26:03 ryan-1942 pkexec[234393]: ryan: Executing command [USER=root] [TTY=unknown] [CWD=/home/ryan/tmp/111/11111111111/0119/electron-api-demos] [COMMAND=/bin/bash -c echo SUDOPROMPT;  sudo cp /var/log/syslog  /home/ryan/.config/askos-support/feedback/syslog.log &&  sudo cp /var/log/auth.log  /home/ryan/.config/askos-support/feedback &&  sudo cp /var/log/boot.log  /home/ryan/.config/askos-support/feedback &&  sudo lscpu -all > lscpu.log  /home/ryan/.config/askos-support/feedback &&  sudo lsblk  > lsblk.log  /home/ryan/.config/askos-support/feedback &&  sudo lspci -v  > lspci.log  /home/ryan/.config/askos-support/feedback &&  sudo cp /var/log/kern.log  /home/ryan/.config/askos-support/feedback &&  dmesg  > /home/ryan/.config/askos-support/feedback/dmesg.log && sudo tar cvf /home/ryan/.config/askos-support/feedback/system_logfile.tar  /home/ryan/.config/askos-support/feedback/*.log]
Jan 19 18:26:03 ryan-1942 sudo:     root : TTY=pts/2 ; PWD=/root ; USER=root ; COMMAND=/bin/cp /var/log/syslog /home/ryan/.config/askos-support/feedback/syslog.log
Jan 19 18:26:03 ryan-1942 sudo: pam_unix(sudo:session): session opened for user root by (uid=0)
Jan 19 18:26:03 ryan-1942 sudo: pam_unix(sudo:session): session closed for user root
Jan 19 18:26:03 ryan-1942 sudo:     root : TTY=pts/2 ; PWD=/root ; USER=root ; COMMAND=/bin/cp /var/log/auth.log /home/ryan/.config/askos-support/feedback
Jan 19 18:26:03 ryan-1942 sudo: pam_unix(sudo:session): session opened for user root by (uid=0)
Jan 19 18:26:03 ryan-1942 sudo: pam_unix(sudo:session): session closed for user root
Jan 19 18:26:03 ryan-1942 sudo:     root : TTY=pts/2 ; PWD=/root ; USER=root ; COMMAND=/bin/cp /var/log/boot.log /home/ryan/.config/askos-support/feedback
Jan 19 18:26:03 ryan-1942 sudo: pam_unix(sudo:session): session opened for user root by (uid=0)
Jan 19 18:26:03 ryan-1942 sudo: pam_unix(sudo:session): session closed for user root
Jan 19 18:26:03 ryan-1942 sudo:     root : TTY=pts/2 ; PWD=/root ; USER=root ; COMMAND=/usr/bin/lscpu -all /home/ryan/.config/askos-support/feedback
Jan 19 18:26:03 ryan-1942 sudo: pam_unix(sudo:session): session opened for user root by (uid=0)
Jan 19 18:26:03 ryan-1942 sudo: pam_unix(sudo:session): session closed for user root
Jan 19 18:26:07 ryan-1942 dbus-daemon[579]: [system] Failed to activate service 'org.bluez': timed out (service_start_timeout=25000ms)
Jan 19 18:27:27 ryan-1942 polkitd(authority=local): Operator of unix-session:c2 successfully authenticated as unix-user:ryan to gain ONE-SHOT authorization for action org.freedesktop.policykit.exec for unix-process:234766:94683469 [/bin/sh -c cd "/home/ryan/tmp/111/11111111111/0119/electron-api-demos"; "/usr/bin/pkexec" --disable-internal-agent /bin/bash -c "echo SUDOPROMPT;  sudo cp /var/log/syslog  /home/ryan/.config/askos-support/feedback/syslog.log &&  sudo cp /var/log/auth.log  /home/ryan/.config/askos-support/feedback &&  sudo cp /var/log/boot.log  /home/ryan/.config/askos-support/feedback &&  sudo cat /proc/cpuinfo > lscpu.log  /home/ryan/.config/askos-support/feedback &&  sudo lsblk  > lsblk.log  /home/ryan/.config/askos-support/feedback &&  sudo lspci -v  > lspci.log  /home/ryan/.config/askos-support/feedback &&  sudo cp /var/log/kern.log  /home/ryan/.config/askos-support/feedback &&  dmesg  > /home/ryan/.config/askos-support/feedback/dmesg.log && sudo tar cvf /home/ryan/.config/askos-support/feedback/system_logfile.tar  /home/ryan/.config/askos-support/feedback/*.log"] (owned by unix-user:ryan)
Jan 19 18:27:28 ryan-1942 pkexec: pam_unix(polkit-1:session): session opened for user root by (uid=1000)
Jan 19 18:27:28 ryan-1942 pkexec[234767]: ryan: Executing command [USER=root] [TTY=unknown] [CWD=/home/ryan/tmp/111/11111111111/0119/electron-api-demos] [COMMAND=/bin/bash -c echo SUDOPROMPT;  sudo cp /var/log/syslog  /home/ryan/.config/askos-support/feedback/syslog.log &&  sudo cp /var/log/auth.log  /home/ryan/.config/askos-support/feedback &&  sudo cp /var/log/boot.log  /home/ryan/.config/askos-support/feedback &&  sudo cat /proc/cpuinfo > lscpu.log  /home/ryan/.config/askos-support/feedback &&  sudo lsblk  > lsblk.log  /home/ryan/.config/askos-support/feedback &&  sudo lspci -v  > lspci.log  /home/ryan/.config/askos-support/feedback &&  sudo cp /var/log/kern.log  /home/ryan/.config/askos-support/feedback &&  dmesg  > /home/ryan/.config/askos-support/feedback/dmesg.log && sudo tar cvf /home/ryan/.config/askos-support/feedback/system_logfile.tar  /home/ryan/.config/askos-support/feedback/*.log]
Jan 19 18:27:28 ryan-1942 sudo:     root : TTY=pts/2 ; PWD=/root ; USER=root ; COMMAND=/bin/cp /var/log/syslog /home/ryan/.config/askos-support/feedback/syslog.log
Jan 19 18:27:28 ryan-1942 sudo: pam_unix(sudo:session): session opened for user root by (uid=0)
Jan 19 18:27:28 ryan-1942 sudo: pam_unix(sudo:session): session closed for user root
Jan 19 18:27:28 ryan-1942 sudo:     root : TTY=pts/2 ; PWD=/root ; USER=root ; COMMAND=/bin/cp /var/log/auth.log /home/ryan/.config/askos-support/feedback
Jan 19 18:27:28 ryan-1942 sudo: pam_unix(sudo:session): session opened for user root by (uid=0)
Jan 19 18:27:28 ryan-1942 sudo: pam_unix(sudo:session): session closed for user root
Jan 19 18:27:28 ryan-1942 sudo:     root : TTY=pts/2 ; PWD=/root ; USER=root ; COMMAND=/bin/cp /var/log/boot.log /home/ryan/.config/askos-support/feedback
Jan 19 18:27:28 ryan-1942 sudo: pam_unix(sudo:session): session opened for user root by (uid=0)
Jan 19 18:27:28 ryan-1942 sudo: pam_unix(sudo:session): session closed for user root
Jan 19 18:27:28 ryan-1942 sudo:     root : TTY=pts/2 ; PWD=/root ; USER=root ; COMMAND=/bin/cat /proc/cpuinfo /home/ryan/.config/askos-support/feedback
Jan 19 18:27:28 ryan-1942 sudo: pam_unix(sudo:session): session opened for user root by (uid=0)
Jan 19 18:27:28 ryan-1942 sudo: pam_unix(sudo:session): session closed for user root
Jan 19 18:27:47 ryan-1942 dbus-daemon[579]: [system] Failed to activate service 'org.bluez': timed out (service_start_timeout=25000ms)
Jan 19 18:29:18 ryan-1942 gnome-keyring-daemon[1194]: asked to register item /org/freedesktop/secrets/collection/login/1, but it's already registered
Jan 19 18:29:19 ryan-1942 gnome-keyring-daemon[1194]: asked to register item /org/freedesktop/secrets/collection/login/1, but it's already registered
Jan 19 18:29:43 ryan-1942 dbus-daemon[579]: [system] Failed to activate service 'org.bluez': timed out (service_start_timeout=25000ms)
Jan 19 18:30:01 ryan-1942 CRON[235676]: pam_unix(cron:session): session opened for user root by (uid=0)
Jan 19 18:30:01 ryan-1942 CRON[235676]: pam_unix(cron:session): session closed for user root
Jan 19 19:17:01 ryan-1942 CRON[236279]: pam_unix(cron:session): session opened for user root by (uid=0)
Jan 19 19:17:01 ryan-1942 CRON[236279]: pam_unix(cron:session): session closed for user root
Jan 19 19:30:01 ryan-1942 CRON[236382]: pam_unix(cron:session): session opened for user root by (uid=0)
Jan 19 19:30:01 ryan-1942 CRON[236382]: pam_unix(cron:session): session closed for user root
Jan 19 20:17:01 ryan-1942 CRON[236695]: pam_unix(cron:session): session opened for user root by (uid=0)
Jan 19 20:17:01 ryan-1942 CRON[236695]: pam_unix(cron:session): session closed for user root
Jan 19 20:30:01 ryan-1942 CRON[236810]: pam_unix(cron:session): session opened for user root by (uid=0)
Jan 19 20:30:01 ryan-1942 CRON[236810]: pam_unix(cron:session): session closed for user root
Jan 19 21:17:01 ryan-1942 CRON[237144]: pam_unix(cron:session): session opened for user root by (uid=0)
Jan 19 21:17:01 ryan-1942 CRON[237144]: pam_unix(cron:session): session closed for user root
Jan 19 21:30:01 ryan-1942 CRON[237252]: pam_unix(cron:session): session opened for user root by (uid=0)
Jan 19 21:30:01 ryan-1942 CRON[237252]: pam_unix(cron:session): session closed for user root
Jan 19 22:17:01 ryan-1942 CRON[237554]: pam_unix(cron:session): session opened for user root by (uid=0)
Jan 19 22:17:01 ryan-1942 CRON[237554]: pam_unix(cron:session): session closed for user root
Jan 19 22:30:01 ryan-1942 CRON[237681]: pam_unix(cron:session): session opened for user root by (uid=0)
Jan 19 22:30:01 ryan-1942 CRON[237681]: pam_unix(cron:session): session closed for user root
Jan 19 23:17:01 ryan-1942 CRON[237978]: pam_unix(cron:session): session opened for user root by (uid=0)
Jan 19 23:17:01 ryan-1942 CRON[237978]: pam_unix(cron:session): session closed for user root
Jan 19 23:30:01 ryan-1942 CRON[238085]: pam_unix(cron:session): session opened for user root by (uid=0)
Jan 19 23:30:01 ryan-1942 CRON[238085]: pam_unix(cron:session): session closed for user root
Jan 20 00:17:01 ryan-1942 CRON[238476]: pam_unix(cron:session): session opened for user root by (uid=0)
Jan 20 00:17:01 ryan-1942 CRON[238476]: pam_unix(cron:session): session closed for user root
Jan 20 01:17:01 ryan-1942 CRON[238845]: pam_unix(cron:session): session opened for user root by (uid=0)
Jan 20 01:17:01 ryan-1942 CRON[238845]: pam_unix(cron:session): session closed for user root
Jan 20 02:17:01 ryan-1942 CRON[239242]: pam_unix(cron:session): session opened for user root by (uid=0)
Jan 20 02:17:01 ryan-1942 CRON[239242]: pam_unix(cron:session): session closed for user root
Jan 20 03:10:01 ryan-1942 CRON[239607]: pam_unix(cron:session): session opened for user root by (uid=0)
Jan 20 03:10:01 ryan-1942 CRON[239607]: pam_unix(cron:session): session closed for user root
Jan 20 03:17:01 ryan-1942 CRON[239683]: pam_unix(cron:session): session opened for user root by (uid=0)
Jan 20 03:17:01 ryan-1942 CRON[239683]: pam_unix(cron:session): session closed for user root
Jan 20 04:17:01 ryan-1942 CRON[240074]: pam_unix(cron:session): session opened for user root by (uid=0)
Jan 20 04:17:01 ryan-1942 CRON[240074]: pam_unix(cron:session): session closed for user root
Jan 20 05:17:01 ryan-1942 CRON[240450]: pam_unix(cron:session): session opened for user root by (uid=0)
Jan 20 05:17:01 ryan-1942 CRON[240450]: pam_unix(cron:session): session closed for user root
Jan 20 06:17:01 ryan-1942 CRON[240835]: pam_unix(cron:session): session opened for user root by (uid=0)
Jan 20 06:17:01 ryan-1942 CRON[240835]: pam_unix(cron:session): session closed for user root
Jan 20 06:25:01 ryan-1942 CRON[240932]: pam_unix(cron:session): session opened for user root by (uid=0)
Jan 20 06:25:01 ryan-1942 CRON[240932]: pam_unix(cron:session): session closed for user root
Jan 20 07:17:01 ryan-1942 CRON[241334]: pam_unix(cron:session): session opened for user root by (uid=0)
Jan 20 07:17:01 ryan-1942 CRON[241334]: pam_unix(cron:session): session closed for user root
Jan 20 07:30:01 ryan-1942 CRON[241437]: pam_unix(cron:session): session opened for user root by (uid=0)
Jan 20 07:30:01 ryan-1942 CRON[241437]: pam_unix(cron:session): session closed for user root
Jan 20 08:17:01 ryan-1942 CRON[242451]: pam_unix(cron:session): session opened for user root by (uid=0)
Jan 20 08:17:01 ryan-1942 CRON[242451]: pam_unix(cron:session): session closed for user root
Jan 20 08:30:01 ryan-1942 CRON[242550]: pam_unix(cron:session): session opened for user root by (uid=0)
Jan 20 08:30:01 ryan-1942 CRON[242550]: pam_unix(cron:session): session closed for user root
Jan 20 09:17:02 ryan-1942 CRON[242894]: pam_unix(cron:session): session opened for user root by (uid=0)
Jan 20 09:17:02 ryan-1942 CRON[242894]: pam_unix(cron:session): session closed for user root
Jan 20 09:30:01 ryan-1942 CRON[242989]: pam_unix(cron:session): session opened for user root by (uid=0)
Jan 20 09:30:01 ryan-1942 CRON[242989]: pam_unix(cron:session): session closed for user root
Jan 20 10:17:01 ryan-1942 CRON[243303]: pam_unix(cron:session): session opened for user root by (uid=0)
Jan 20 10:17:01 ryan-1942 CRON[243303]: pam_unix(cron:session): session closed for user root
Jan 20 10:30:01 ryan-1942 CRON[243435]: pam_unix(cron:session): session opened for user root by (uid=0)
Jan 20 10:30:01 ryan-1942 CRON[243435]: pam_unix(cron:session): session closed for user root
Jan 20 11:17:01 ryan-1942 CRON[243746]: pam_unix(cron:session): session opened for user root by (uid=0)
Jan 20 11:17:01 ryan-1942 CRON[243746]: pam_unix(cron:session): session closed for user root
Jan 20 11:30:01 ryan-1942 CRON[243837]: pam_unix(cron:session): session opened for user root by (uid=0)
Jan 20 11:30:01 ryan-1942 CRON[243837]: pam_unix(cron:session): session closed for user root
Jan 20 12:17:01 ryan-1942 CRON[244163]: pam_unix(cron:session): session opened for user root by (uid=0)
Jan 20 12:17:01 ryan-1942 CRON[244163]: pam_unix(cron:session): session closed for user root
Jan 20 12:30:01 ryan-1942 CRON[244249]: pam_unix(cron:session): session opened for user root by (uid=0)
Jan 20 12:30:01 ryan-1942 CRON[244249]: pam_unix(cron:session): session closed for user root
Jan 20 13:17:01 ryan-1942 CRON[244629]: pam_unix(cron:session): session opened for user root by (uid=0)
Jan 20 13:17:01 ryan-1942 CRON[244629]: pam_unix(cron:session): session closed for user root
Jan 20 13:30:01 ryan-1942 CRON[244713]: pam_unix(cron:session): session opened for user root by (uid=0)
Jan 20 13:30:01 ryan-1942 CRON[244713]: pam_unix(cron:session): session closed for user root
Jan 20 14:17:01 ryan-1942 CRON[245085]: pam_unix(cron:session): session opened for user root by (uid=0)
Jan 20 14:17:01 ryan-1942 CRON[245085]: pam_unix(cron:session): session closed for user root
Jan 20 14:26:17 ryan-1942 cinnamon-screensaver-pam-helper: pam_unix(cinnamon-screensaver:auth): Couldn't open /etc/securetty: 그런 파일이나 디렉터리가 없습니다
Jan 20 14:26:17 ryan-1942 cinnamon-screensaver-pam-helper: message repeated 2 times: [ pam_unix(cinnamon-screensaver:auth): Couldn't open /etc/securetty: 그런 파일이나 디렉터리가 없습니다]
Jan 20 14:26:17 ryan-1942 cinnamon-screensaver-pam-helper: gkr-pam: unlocked login keyring
Jan 20 14:26:26 ryan-1942 pkexec: pam_unix(polkit-1:session): session opened for user root by (uid=1000)
Jan 20 14:26:26 ryan-1942 pkexec[245212]: ryan: Executing command [USER=root] [TTY=unknown] [CWD=/home/ryan] [COMMAND=/usr/libexec/cpugovctl set performance]
Jan 20 14:30:01 ryan-1942 CRON[245641]: pam_unix(cron:session): session opened for user root by (uid=0)
Jan 20 14:30:01 ryan-1942 CRON[245641]: pam_unix(cron:session): session closed for user root
Jan 20 15:02:08 ryan-1942 pkexec: pam_unix(polkit-1:session): session opened for user root by (uid=1000)
Jan 20 15:02:08 ryan-1942 pkexec[245914]: ryan: Executing command [USER=root] [TTY=unknown] [CWD=/home/ryan] [COMMAND=/usr/libexec/cpugovctl set powersave]
Jan 20 15:03:30 ryan-1942 dbus-daemon[579]: [system] Failed to activate service 'org.bluez': timed out (service_start_timeout=25000ms)
Jan 20 15:04:18 ryan-1942 dbus-daemon[579]: [system] Failed to activate service 'org.bluez': timed out (service_start_timeout=25000ms)
Jan 20 15:08:24 ryan-1942 dbus-daemon[579]: [system] Failed to activate service 'org.bluez': timed out (service_start_timeout=25000ms)
Jan 20 15:09:34 ryan-1942 dbus-daemon[579]: [system] Failed to activate service 'org.bluez': timed out (service_start_timeout=25000ms)
Jan 20 15:12:29 ryan-1942 dbus-daemon[579]: [system] Failed to activate service 'org.bluez': timed out (service_start_timeout=25000ms)
Jan 20 15:15:35 ryan-1942 dbus-daemon[579]: [system] Failed to activate service 'org.bluez': timed out (service_start_timeout=25000ms)
Jan 20 15:16:45 ryan-1942 dbus-daemon[579]: [system] Failed to activate service 'org.bluez': timed out (service_start_timeout=25000ms)
Jan 20 15:17:01 ryan-1942 CRON[248741]: pam_unix(cron:session): session opened for user root by (uid=0)
Jan 20 15:17:01 ryan-1942 CRON[248741]: pam_unix(cron:session): session closed for user root
Jan 20 15:17:27 ryan-1942 dbus-daemon[579]: [system] Failed to activate service 'org.bluez': timed out (service_start_timeout=25000ms)
Jan 20 15:23:35 ryan-1942 dbus-daemon[579]: [system] Failed to activate service 'org.bluez': timed out (service_start_timeout=25000ms)
Jan 20 15:25:02 ryan-1942 dbus-daemon[579]: [system] Failed to activate service 'org.bluez': timed out (service_start_timeout=25000ms)
Jan 20 15:28:10 ryan-1942 dbus-daemon[579]: [system] Failed to activate service 'org.bluez': timed out (service_start_timeout=25000ms)
Jan 20 15:30:01 ryan-1942 CRON[250004]: pam_unix(cron:session): session opened for user root by (uid=0)
Jan 20 15:30:01 ryan-1942 CRON[250004]: pam_unix(cron:session): session closed for user root
Jan 20 15:30:10 ryan-1942 dbus-daemon[579]: [system] Failed to activate service 'org.bluez': timed out (service_start_timeout=25000ms)
Jan 20 15:30:58 ryan-1942 dbus-daemon[579]: [system] Failed to activate service 'org.bluez': timed out (service_start_timeout=25000ms)
Jan 20 15:31:36 ryan-1942 dbus-daemon[579]: [system] Failed to activate service 'org.bluez': timed out (service_start_timeout=25000ms)
Jan 20 15:32:45 ryan-1942 dbus-daemon[579]: [system] Failed to activate service 'org.bluez': timed out (service_start_timeout=25000ms)
Jan 20 15:35:33 ryan-1942 dbus-daemon[579]: [system] Failed to activate service 'org.bluez': timed out (service_start_timeout=25000ms)
Jan 20 15:39:00 ryan-1942 dbus-daemon[579]: [system] Failed to activate service 'org.bluez': timed out (service_start_timeout=25000ms)
Jan 20 15:39:48 ryan-1942 dbus-daemon[579]: [system] Failed to activate service 'org.bluez': timed out (service_start_timeout=25000ms)
Jan 20 15:40:25 ryan-1942 dbus-daemon[579]: [system] Failed to activate service 'org.bluez': timed out (service_start_timeout=25000ms)
Jan 20 15:41:09 ryan-1942 dbus-daemon[579]: [system] Failed to activate service 'org.bluez': timed out (service_start_timeout=25000ms)
Jan 20 15:41:49 ryan-1942 dbus-daemon[579]: [system] Failed to activate service 'org.bluez': timed out (service_start_timeout=25000ms)
Jan 20 15:43:42 ryan-1942 dbus-daemon[579]: [system] Failed to activate service 'org.bluez': timed out (service_start_timeout=25000ms)
Jan 20 15:50:27 ryan-1942 dbus-daemon[579]: [system] Failed to activate service 'org.bluez': timed out (service_start_timeout=25000ms)
Jan 20 15:51:39 ryan-1942 dbus-daemon[579]: [system] Failed to activate service 'org.bluez': timed out (service_start_timeout=25000ms)
Jan 20 15:53:07 ryan-1942 dbus-daemon[579]: [system] Failed to activate service 'org.bluez': timed out (service_start_timeout=25000ms)
Jan 20 16:02:05 ryan-1942 dbus-daemon[579]: [system] Failed to activate service 'org.bluez': timed out (service_start_timeout=25000ms)
Jan 20 16:03:00 ryan-1942 dbus-daemon[579]: [system] Failed to activate service 'org.bluez': timed out (service_start_timeout=25000ms)
Jan 20 16:08:12 ryan-1942 gnome-keyring-daemon[1194]: asked to register item /org/freedesktop/secrets/collection/login/1, but it's already registered
Jan 20 16:08:12 ryan-1942 gnome-keyring-daemon[1194]: asked to register item /org/freedesktop/secrets/collection/login/1, but it's already registered
Jan 20 16:08:37 ryan-1942 dbus-daemon[579]: [system] Failed to activate service 'org.bluez': timed out (service_start_timeout=25000ms)
Jan 20 16:09:11 ryan-1942 dbus-daemon[579]: [system] Failed to activate service 'org.bluez': timed out (service_start_timeout=25000ms)
Jan 20 16:11:03 ryan-1942 dbus-daemon[579]: [system] Failed to activate service 'org.bluez': timed out (service_start_timeout=25000ms)
Jan 20 16:13:54 ryan-1942 dbus-daemon[579]: [system] Failed to activate service 'org.bluez': timed out (service_start_timeout=25000ms)
Jan 20 16:16:50 ryan-1942 dbus-daemon[579]: [system] Failed to activate service 'org.bluez': timed out (service_start_timeout=25000ms)
Jan 20 16:17:01 ryan-1942 CRON[258021]: pam_unix(cron:session): session opened for user root by (uid=0)
Jan 20 16:17:01 ryan-1942 CRON[258021]: pam_unix(cron:session): session closed for user root
Jan 20 16:18:57 ryan-1942 dbus-daemon[579]: [system] Failed to activate service 'org.bluez': timed out (service_start_timeout=25000ms)
Jan 20 16:20:50 ryan-1942 dbus-daemon[579]: [system] Failed to activate service 'org.bluez': timed out (service_start_timeout=25000ms)
Jan 20 16:30:01 ryan-1942 CRON[259025]: pam_unix(cron:session): session opened for user root by (uid=0)
Jan 20 16:30:01 ryan-1942 CRON[259025]: pam_unix(cron:session): session closed for user root
Jan 20 16:33:57 ryan-1942 dbus-daemon[579]: [system] Failed to activate service 'org.bluez': timed out (service_start_timeout=25000ms)
Jan 20 16:38:22 ryan-1942 dbus-daemon[579]: [system] Failed to activate service 'org.bluez': timed out (service_start_timeout=25000ms)
Jan 20 16:39:21 ryan-1942 dbus-daemon[579]: [system] Failed to activate service 'org.bluez': timed out (service_start_timeout=25000ms)
Jan 20 16:39:49 ryan-1942 dbus-daemon[579]: [system] Failed to activate service 'org.bluez': timed out (service_start_timeout=25000ms)
Jan 20 16:40:53 ryan-1942 dbus-daemon[579]: [system] Failed to activate service 'org.bluez': timed out (service_start_timeout=25000ms)
Jan 20 16:41:42 ryan-1942 dbus-daemon[579]: [system] Failed to activate service 'org.bluez': timed out (service_start_timeout=25000ms)
Jan 20 16:42:55 ryan-1942 dbus-daemon[579]: [system] Failed to activate service 'org.bluez': timed out (service_start_timeout=25000ms)
Jan 20 16:43:58 ryan-1942 dbus-daemon[579]: [system] Failed to activate service 'org.bluez': timed out (service_start_timeout=25000ms)
Jan 20 16:45:28 ryan-1942 dbus-daemon[579]: [system] Failed to activate service 'org.bluez': timed out (service_start_timeout=25000ms)
Jan 20 17:06:12 ryan-1942 gnome-keyring-daemon[1194]: asked to register item /org/freedesktop/secrets/collection/login/1, but it's already registered
Jan 20 17:06:12 ryan-1942 gnome-keyring-daemon[1194]: asked to register item /org/freedesktop/secrets/collection/login/1, but it's already registered
Jan 20 17:06:37 ryan-1942 dbus-daemon[579]: [system] Failed to activate service 'org.bluez': timed out (service_start_timeout=25000ms)
Jan 20 17:07:10 ryan-1942 gnome-keyring-daemon[1194]: asked to register item /org/freedesktop/secrets/collection/login/1, but it's already registered
Jan 20 17:07:10 ryan-1942 gnome-keyring-daemon[1194]: asked to register item /org/freedesktop/secrets/collection/login/1, but it's already registered
Jan 20 17:07:35 ryan-1942 dbus-daemon[579]: [system] Failed to activate service 'org.bluez': timed out (service_start_timeout=25000ms)
Jan 20 17:17:01 ryan-1942 CRON[266334]: pam_unix(cron:session): session opened for user root by (uid=0)
Jan 20 17:17:01 ryan-1942 CRON[266334]: pam_unix(cron:session): session closed for user root
Jan 20 17:30:01 ryan-1942 CRON[268088]: pam_unix(cron:session): session opened for user root by (uid=0)
Jan 20 17:30:01 ryan-1942 CRON[268088]: pam_unix(cron:session): session closed for user root
Jan 20 18:13:28 ryan-1942 dbus-daemon[579]: [system] Failed to activate service 'org.bluez': timed out (service_start_timeout=25000ms)
Jan 20 18:14:53 ryan-1942 dbus-daemon[579]: [system] Failed to activate service 'org.bluez': timed out (service_start_timeout=25000ms)
Jan 20 18:17:01 ryan-1942 CRON[273647]: pam_unix(cron:session): session opened for user root by (uid=0)
Jan 20 18:17:01 ryan-1942 CRON[273647]: pam_unix(cron:session): session closed for user root
Jan 20 18:20:42 ryan-1942 dbus-daemon[579]: [system] Failed to activate service 'org.bluez': timed out (service_start_timeout=25000ms)
Jan 20 18:22:13 ryan-1942 dbus-daemon[579]: [system] Failed to activate service 'org.bluez': timed out (service_start_timeout=25000ms)
Jan 20 18:23:17 ryan-1942 dbus-daemon[579]: [system] Failed to activate service 'org.bluez': timed out (service_start_timeout=25000ms)
Jan 20 18:30:01 ryan-1942 CRON[275764]: pam_unix(cron:session): session opened for user root by (uid=0)
Jan 20 18:30:01 ryan-1942 CRON[275764]: pam_unix(cron:session): session closed for user root
Jan 20 19:17:01 ryan-1942 CRON[276078]: pam_unix(cron:session): session opened for user root by (uid=0)
Jan 20 19:17:01 ryan-1942 CRON[276078]: pam_unix(cron:session): session closed for user root
Jan 20 19:30:01 ryan-1942 CRON[276172]: pam_unix(cron:session): session opened for user root by (uid=0)
Jan 20 19:30:01 ryan-1942 CRON[276172]: pam_unix(cron:session): session closed for user root
Jan 20 20:17:01 ryan-1942 CRON[276496]: pam_unix(cron:session): session opened for user root by (uid=0)
Jan 20 20:17:01 ryan-1942 CRON[276496]: pam_unix(cron:session): session closed for user root
Jan 20 20:30:01 ryan-1942 CRON[276602]: pam_unix(cron:session): session opened for user root by (uid=0)
Jan 20 20:30:01 ryan-1942 CRON[276602]: pam_unix(cron:session): session closed for user root
Jan 20 21:17:01 ryan-1942 CRON[276967]: pam_unix(cron:session): session opened for user root by (uid=0)
Jan 20 21:17:01 ryan-1942 CRON[276967]: pam_unix(cron:session): session closed for user root
Jan 20 21:30:01 ryan-1942 CRON[277060]: pam_unix(cron:session): session opened for user root by (uid=0)
Jan 20 21:30:01 ryan-1942 CRON[277060]: pam_unix(cron:session): session closed for user root
Jan 20 22:17:01 ryan-1942 CRON[277414]: pam_unix(cron:session): session opened for user root by (uid=0)
Jan 20 22:17:01 ryan-1942 CRON[277414]: pam_unix(cron:session): session closed for user root
Jan 20 22:30:01 ryan-1942 CRON[277500]: pam_unix(cron:session): session opened for user root by (uid=0)
Jan 20 22:30:01 ryan-1942 CRON[277500]: pam_unix(cron:session): session closed for user root
Jan 20 23:17:01 ryan-1942 CRON[277826]: pam_unix(cron:session): session opened for user root by (uid=0)
Jan 20 23:17:01 ryan-1942 CRON[277826]: pam_unix(cron:session): session closed for user root
Jan 20 23:30:01 ryan-1942 CRON[277914]: pam_unix(cron:session): session opened for user root by (uid=0)
Jan 20 23:30:01 ryan-1942 CRON[277914]: pam_unix(cron:session): session closed for user root
Jan 21 00:17:01 ryan-1942 CRON[278310]: pam_unix(cron:session): session opened for user root by (uid=0)
Jan 21 00:17:01 ryan-1942 CRON[278310]: pam_unix(cron:session): session closed for user root
Jan 21 01:17:01 ryan-1942 CRON[278700]: pam_unix(cron:session): session opened for user root by (uid=0)
Jan 21 01:17:01 ryan-1942 CRON[278700]: pam_unix(cron:session): session closed for user root
Jan 21 02:17:01 ryan-1942 CRON[279182]: pam_unix(cron:session): session opened for user root by (uid=0)
Jan 21 02:17:01 ryan-1942 CRON[279182]: pam_unix(cron:session): session closed for user root
Jan 21 03:10:01 ryan-1942 CRON[279530]: pam_unix(cron:session): session opened for user root by (uid=0)
Jan 21 03:10:01 ryan-1942 CRON[279530]: pam_unix(cron:session): session closed for user root
Jan 21 03:17:01 ryan-1942 CRON[279614]: pam_unix(cron:session): session opened for user root by (uid=0)
Jan 21 03:17:01 ryan-1942 CRON[279614]: pam_unix(cron:session): session closed for user root
Jan 21 04:17:01 ryan-1942 CRON[280025]: pam_unix(cron:session): session opened for user root by (uid=0)
Jan 21 04:17:01 ryan-1942 CRON[280025]: pam_unix(cron:session): session closed for user root
Jan 21 05:17:01 ryan-1942 CRON[280417]: pam_unix(cron:session): session opened for user root by (uid=0)
Jan 21 05:17:01 ryan-1942 CRON[280417]: pam_unix(cron:session): session closed for user root
Jan 21 06:17:01 ryan-1942 CRON[280821]: pam_unix(cron:session): session opened for user root by (uid=0)
Jan 21 06:17:01 ryan-1942 CRON[280821]: pam_unix(cron:session): session closed for user root
Jan 21 06:25:01 ryan-1942 CRON[280884]: pam_unix(cron:session): session opened for user root by (uid=0)
Jan 21 06:25:01 ryan-1942 CRON[280884]: pam_unix(cron:session): session closed for user root
Jan 21 07:17:01 ryan-1942 CRON[281297]: pam_unix(cron:session): session opened for user root by (uid=0)
Jan 21 07:17:01 ryan-1942 CRON[281297]: pam_unix(cron:session): session closed for user root
Jan 21 07:30:01 ryan-1942 CRON[281389]: pam_unix(cron:session): session opened for user root by (uid=0)
Jan 21 07:30:01 ryan-1942 CRON[281389]: pam_unix(cron:session): session closed for user root
Jan 21 08:17:01 ryan-1942 CRON[282441]: pam_unix(cron:session): session opened for user root by (uid=0)
Jan 21 08:17:01 ryan-1942 CRON[282441]: pam_unix(cron:session): session closed for user root
Jan 21 08:30:01 ryan-1942 CRON[282531]: pam_unix(cron:session): session opened for user root by (uid=0)
Jan 21 08:30:01 ryan-1942 CRON[282531]: pam_unix(cron:session): session closed for user root
Jan 21 09:17:01 ryan-1942 CRON[282893]: pam_unix(cron:session): session opened for user root by (uid=0)
Jan 21 09:17:01 ryan-1942 CRON[282893]: pam_unix(cron:session): session closed for user root
Jan 21 09:30:01 ryan-1942 CRON[282982]: pam_unix(cron:session): session opened for user root by (uid=0)
Jan 21 09:30:01 ryan-1942 CRON[282982]: pam_unix(cron:session): session closed for user root
Jan 21 10:17:01 ryan-1942 CRON[283313]: pam_unix(cron:session): session opened for user root by (uid=0)
Jan 21 10:17:01 ryan-1942 CRON[283313]: pam_unix(cron:session): session closed for user root
Jan 21 10:30:01 ryan-1942 CRON[283403]: pam_unix(cron:session): session opened for user root by (uid=0)
Jan 21 10:30:01 ryan-1942 CRON[283403]: pam_unix(cron:session): session closed for user root
Jan 21 11:17:01 ryan-1942 CRON[283814]: pam_unix(cron:session): session opened for user root by (uid=0)
Jan 21 11:17:01 ryan-1942 CRON[283814]: pam_unix(cron:session): session closed for user root
Jan 21 11:30:01 ryan-1942 CRON[283893]: pam_unix(cron:session): session opened for user root by (uid=0)
Jan 21 11:30:01 ryan-1942 CRON[283893]: pam_unix(cron:session): session closed for user root
Jan 21 12:17:01 ryan-1942 CRON[284273]: pam_unix(cron:session): session opened for user root by (uid=0)
Jan 21 12:17:01 ryan-1942 CRON[284273]: pam_unix(cron:session): session closed for user root
Jan 21 12:30:01 ryan-1942 CRON[284355]: pam_unix(cron:session): session opened for user root by (uid=0)
Jan 21 12:30:01 ryan-1942 CRON[284355]: pam_unix(cron:session): session closed for user root
Jan 21 13:17:01 ryan-1942 CRON[284684]: pam_unix(cron:session): session opened for user root by (uid=0)
Jan 21 13:17:01 ryan-1942 CRON[284684]: pam_unix(cron:session): session closed for user root
Jan 21 13:30:01 ryan-1942 CRON[284763]: pam_unix(cron:session): session opened for user root by (uid=0)
Jan 21 13:30:01 ryan-1942 CRON[284763]: pam_unix(cron:session): session closed for user root
Jan 21 14:17:01 ryan-1942 CRON[285132]: pam_unix(cron:session): session opened for user root by (uid=0)
Jan 21 14:17:01 ryan-1942 CRON[285132]: pam_unix(cron:session): session closed for user root
Jan 21 14:30:01 ryan-1942 CRON[285210]: pam_unix(cron:session): session opened for user root by (uid=0)
Jan 21 14:30:01 ryan-1942 CRON[285210]: pam_unix(cron:session): session closed for user root
Jan 21 15:17:01 ryan-1942 CRON[285604]: pam_unix(cron:session): session opened for user root by (uid=0)
Jan 21 15:17:01 ryan-1942 CRON[285604]: pam_unix(cron:session): session closed for user root
Jan 21 15:30:01 ryan-1942 CRON[285678]: pam_unix(cron:session): session opened for user root by (uid=0)
Jan 21 15:30:01 ryan-1942 CRON[285678]: pam_unix(cron:session): session closed for user root
Jan 21 15:32:27 ryan-1942 cinnamon-screensaver-pam-helper: pam_unix(cinnamon-screensaver:auth): Couldn't open /etc/securetty: 그런 파일이나 디렉터리가 없습니다
Jan 21 15:32:27 ryan-1942 cinnamon-screensaver-pam-helper: message repeated 2 times: [ pam_unix(cinnamon-screensaver:auth): Couldn't open /etc/securetty: 그런 파일이나 디렉터리가 없습니다]
Jan 21 15:32:27 ryan-1942 cinnamon-screensaver-pam-helper: gkr-pam: unlocked login keyring
Jan 21 15:43:48 ryan-1942 pkexec: pam_unix(polkit-1:session): session opened for user root by (uid=1000)
Jan 21 15:43:48 ryan-1942 pkexec[286162]: ryan: Executing command [USER=root] [TTY=unknown] [CWD=/home/ryan] [COMMAND=/usr/libexec/cpugovctl set performance]
Jan 21 15:43:54 ryan-1942 dbus-daemon[579]: [system] Failed to activate service 'org.bluez': timed out (service_start_timeout=25000ms)
Jan 21 15:54:58 ryan-1942 pkexec: pam_unix(polkit-1:session): session opened for user root by (uid=1000)
Jan 21 15:54:58 ryan-1942 pkexec[286788]: ryan: Executing command [USER=root] [TTY=unknown] [CWD=/home/ryan] [COMMAND=/usr/libexec/cpugovctl set powersave]
Jan 21 16:01:31 ryan-1942 dbus-daemon[579]: [system] Failed to activate service 'org.bluez': timed out (service_start_timeout=25000ms)
Jan 21 16:02:30 ryan-1942 dbus-daemon[579]: [system] Failed to activate service 'org.bluez': timed out (service_start_timeout=25000ms)
Jan 21 16:02:55 ryan-1942 dbus-daemon[579]: [system] Failed to activate service 'org.bluez': timed out (service_start_timeout=25000ms)
Jan 21 16:17:01 ryan-1942 CRON[289223]: pam_unix(cron:session): session opened for user root by (uid=0)
Jan 21 16:17:01 ryan-1942 CRON[289223]: pam_unix(cron:session): session closed for user root
Jan 21 16:20:32 ryan-1942 dbus-daemon[579]: [system] Failed to activate service 'org.bluez': timed out (service_start_timeout=25000ms)
Jan 21 16:24:18 ryan-1942 dbus-daemon[579]: [system] Failed to activate service 'org.bluez': timed out (service_start_timeout=25000ms)
Jan 21 16:25:22 ryan-1942 dbus-daemon[579]: [system] Failed to activate service 'org.bluez': timed out (service_start_timeout=25000ms)
Jan 21 16:27:55 ryan-1942 dbus-daemon[579]: [system] Failed to activate service 'org.bluez': timed out (service_start_timeout=25000ms)
Jan 21 16:30:01 ryan-1942 CRON[290891]: pam_unix(cron:session): session opened for user root by (uid=0)
Jan 21 16:30:01 ryan-1942 CRON[290891]: pam_unix(cron:session): session closed for user root
Jan 21 16:31:34 ryan-1942 dbus-daemon[579]: [system] Failed to activate service 'org.bluez': timed out (service_start_timeout=25000ms)
Jan 21 16:35:42 ryan-1942 dbus-daemon[579]: [system] Failed to activate service 'org.bluez': timed out (service_start_timeout=25000ms)
Jan 21 16:38:17 ryan-1942 dbus-daemon[579]: [system] Failed to activate service 'org.bluez': timed out (service_start_timeout=25000ms)
Jan 21 16:42:02 ryan-1942 dbus-daemon[579]: [system] Failed to activate service 'org.bluez': timed out (service_start_timeout=25000ms)
Jan 21 16:44:05 ryan-1942 polkitd(authority=local): Operator of unix-session:c2 successfully authenticated as unix-user:ryan to gain ONE-SHOT authorization for action org.freedesktop.policykit.exec for unix-process:293088:111343221 [/bin/sh -c cd "/home/ryan/tmp/111/11111111111/electron-api-demos"; "/usr/bin/pkexec" --disable-internal-agent /bin/bash -c "echo SUDOPROMPT;  sudo cp /var/log/syslog  /home/ryan/.config/askos-support/feedback/syslog.log &&  sudo cp /var/log/auth.log  /home/ryan/.config/askos-support/feedback &&  sudo cp /var/log/boot.log  /home/ryan/.config/askos-support/feedback &&  sudo cp /var/log/kern.log  /home/ryan/.config/askos-support/feedback &&  dmesg  > /home/ryan/.config/askos-support/feedback/dmesg.log && sudo tar cvf /home/ryan/.config/askos-support/feedback/system_logfile.tar  /home/ryan/.config/askos-support/feedback/*.log"] (owned by unix-user:ryan)
Jan 21 16:44:05 ryan-1942 pkexec: pam_unix(polkit-1:session): session opened for user root by (uid=1000)
Jan 21 16:44:05 ryan-1942 pkexec[293089]: ryan: Executing command [USER=root] [TTY=unknown] [CWD=/home/ryan/tmp/111/11111111111/electron-api-demos] [COMMAND=/bin/bash -c echo SUDOPROMPT;  sudo cp /var/log/syslog  /home/ryan/.config/askos-support/feedback/syslog.log &&  sudo cp /var/log/auth.log  /home/ryan/.config/askos-support/feedback &&  sudo cp /var/log/boot.log  /home/ryan/.config/askos-support/feedback &&  sudo cp /var/log/kern.log  /home/ryan/.config/askos-support/feedback &&  dmesg  > /home/ryan/.config/askos-support/feedback/dmesg.log && sudo tar cvf /home/ryan/.config/askos-support/feedback/system_logfile.tar  /home/ryan/.config/askos-support/feedback/*.log]
Jan 21 16:44:05 ryan-1942 sudo:     root : TTY=pts/1 ; PWD=/root ; USER=root ; COMMAND=/bin/cp /var/log/syslog /home/ryan/.config/askos-support/feedback/syslog.log
Jan 21 16:44:05 ryan-1942 sudo: pam_unix(sudo:session): session opened for user root by (uid=0)
Jan 21 16:44:05 ryan-1942 sudo: pam_unix(sudo:session): session closed for user root
Jan 21 16:44:05 ryan-1942 sudo:     root : TTY=pts/1 ; PWD=/root ; USER=root ; COMMAND=/bin/cp /var/log/auth.log /home/ryan/.config/askos-support/feedback
Jan 21 16:44:05 ryan-1942 sudo: pam_unix(sudo:session): session opened for user root by (uid=0)
